{"D:\\CodingProjects\\slippi-live-stats-vite\\electron\\main\\ipc.ts": {"path":"D:\\CodingProjects\\slippi-live-stats-vite\\electron\\main\\ipc.ts","all":true,"statementMap":{"0":{"start":{"line":1,"column":0},"end":{"line":1,"column":48}},"1":{"start":{"line":2,"column":0},"end":{"line":2,"column":56}},"2":{"start":{"line":3,"column":0},"end":{"line":3,"column":47}},"3":{"start":{"line":4,"column":0},"end":{"line":4,"column":31}},"4":{"start":{"line":5,"column":0},"end":{"line":5,"column":58}},"7":{"start":{"line":8,"column":0},"end":{"line":8,"column":41}},"8":{"start":{"line":9,"column":0},"end":{"line":9,"column":26}},"9":{"start":{"line":10,"column":0},"end":{"line":10,"column":3}},"12":{"start":{"line":13,"column":0},"end":{"line":13,"column":33}},"13":{"start":{"line":14,"column":0},"end":{"line":14,"column":54}},"14":{"start":{"line":15,"column":0},"end":{"line":15,"column":35}},"15":{"start":{"line":16,"column":0},"end":{"line":16,"column":30}},"17":{"start":{"line":18,"column":0},"end":{"line":18,"column":42}},"18":{"start":{"line":19,"column":0},"end":{"line":19,"column":27}},"19":{"start":{"line":20,"column":0},"end":{"line":20,"column":37}},"21":{"start":{"line":22,"column":0},"end":{"line":22,"column":44}},"22":{"start":{"line":23,"column":0},"end":{"line":23,"column":51}},"23":{"start":{"line":24,"column":0},"end":{"line":24,"column":56}},"24":{"start":{"line":25,"column":0},"end":{"line":25,"column":7}},"25":{"start":{"line":26,"column":0},"end":{"line":26,"column":5}},"27":{"start":{"line":28,"column":0},"end":{"line":28,"column":45}},"28":{"start":{"line":29,"column":0},"end":{"line":29,"column":38}},"29":{"start":{"line":30,"column":0},"end":{"line":30,"column":5}},"35":{"start":{"line":36,"column":0},"end":{"line":36,"column":38}},"36":{"start":{"line":37,"column":0},"end":{"line":37,"column":44}},"37":{"start":{"line":38,"column":0},"end":{"line":38,"column":5}},"39":{"start":{"line":40,"column":0},"end":{"line":40,"column":7}},"40":{"start":{"line":41,"column":0},"end":{"line":41,"column":40}},"41":{"start":{"line":42,"column":0},"end":{"line":42,"column":19}},"42":{"start":{"line":43,"column":0},"end":{"line":43,"column":44}},"43":{"start":{"line":44,"column":0},"end":{"line":44,"column":3}},"44":{"start":{"line":45,"column":0},"end":{"line":45,"column":3}},"47":{"start":{"line":48,"column":0},"end":{"line":48,"column":58}},"48":{"start":{"line":49,"column":0},"end":{"line":49,"column":63}},"49":{"start":{"line":50,"column":0},"end":{"line":50,"column":34}},"50":{"start":{"line":51,"column":0},"end":{"line":51,"column":5}},"51":{"start":{"line":52,"column":0},"end":{"line":52,"column":17}},"52":{"start":{"line":53,"column":0},"end":{"line":53,"column":16}},"53":{"start":{"line":54,"column":0},"end":{"line":54,"column":10}},"54":{"start":{"line":55,"column":0},"end":{"line":55,"column":35}},"55":{"start":{"line":56,"column":0},"end":{"line":56,"column":24}},"56":{"start":{"line":57,"column":0},"end":{"line":57,"column":3}},"57":{"start":{"line":58,"column":0},"end":{"line":58,"column":3}},"60":{"start":{"line":61,"column":0},"end":{"line":61,"column":15}},"61":{"start":{"line":62,"column":0},"end":{"line":62,"column":26}},"62":{"start":{"line":63,"column":0},"end":{"line":63,"column":9}},"63":{"start":{"line":64,"column":0},"end":{"line":64,"column":11}},"64":{"start":{"line":65,"column":0},"end":{"line":65,"column":11}},"68":{"start":{"line":69,"column":0},"end":{"line":69,"column":8}},"69":{"start":{"line":70,"column":0},"end":{"line":70,"column":58}},"73":{"start":{"line":74,"column":0},"end":{"line":74,"column":63}},"74":{"start":{"line":75,"column":0},"end":{"line":75,"column":22}},"75":{"start":{"line":76,"column":0},"end":{"line":76,"column":26}},"76":{"start":{"line":77,"column":0},"end":{"line":77,"column":6}},"77":{"start":{"line":78,"column":0},"end":{"line":78,"column":4}},"78":{"start":{"line":79,"column":0},"end":{"line":79,"column":2}},"80":{"start":{"line":81,"column":0},"end":{"line":81,"column":15}},"81":{"start":{"line":82,"column":0},"end":{"line":82,"column":21}},"82":{"start":{"line":83,"column":0},"end":{"line":83,"column":55}},"83":{"start":{"line":84,"column":0},"end":{"line":84,"column":46}},"84":{"start":{"line":85,"column":0},"end":{"line":85,"column":4}},"85":{"start":{"line":86,"column":0},"end":{"line":86,"column":2}}},"s":{"0":0,"1":0,"2":0,"3":0,"4":0,"7":0,"8":0,"9":0,"12":0,"13":0,"14":0,"15":0,"17":0,"18":0,"19":0,"21":0,"22":0,"23":0,"24":0,"25":0,"27":0,"28":0,"29":0,"35":0,"36":0,"37":0,"39":0,"40":0,"41":0,"42":0,"43":0,"44":0,"47":0,"48":0,"49":0,"50":0,"51":0,"52":0,"53":0,"54":0,"55":0,"56":0,"57":0,"60":0,"61":0,"62":0,"63":0,"64":0,"68":0,"69":0,"73":0,"74":0,"75":0,"76":0,"77":0,"78":0,"80":0,"81":0,"82":0,"83":0,"84":0,"85":0},"branchMap":{"0":{"type":"branch","line":1,"loc":{"start":{"line":1,"column":2324},"end":{"line":86,"column":2}},"locations":[{"start":{"line":1,"column":2324},"end":{"line":86,"column":2}}]}},"b":{"0":[0]},"fnMap":{"0":{"name":"(empty-report)","decl":{"start":{"line":1,"column":2324},"end":{"line":86,"column":2}},"loc":{"start":{"line":1,"column":2324},"end":{"line":86,"column":2}},"line":1}},"f":{"0":0}}
,"D:\\CodingProjects\\slippi-live-stats-vite\\electron\\main\\parserWorker.ts": {"path":"D:\\CodingProjects\\slippi-live-stats-vite\\electron\\main\\parserWorker.ts","all":true,"statementMap":{"0":{"start":{"line":1,"column":0},"end":{"line":1,"column":58}},"5":{"start":{"line":6,"column":0},"end":{"line":6,"column":21}},"17":{"start":{"line":18,"column":0},"end":{"line":18,"column":27}},"18":{"start":{"line":19,"column":0},"end":{"line":19,"column":31}},"19":{"start":{"line":20,"column":0},"end":{"line":20,"column":32}},"20":{"start":{"line":21,"column":0},"end":{"line":21,"column":26}},"21":{"start":{"line":22,"column":0},"end":{"line":22,"column":26}},"23":{"start":{"line":24,"column":0},"end":{"line":24,"column":50}},"25":{"start":{"line":26,"column":0},"end":{"line":26,"column":42}},"27":{"start":{"line":28,"column":0},"end":{"line":28,"column":55}},"28":{"start":{"line":29,"column":0},"end":{"line":29,"column":56}},"29":{"start":{"line":30,"column":0},"end":{"line":30,"column":45}},"30":{"start":{"line":31,"column":0},"end":{"line":31,"column":7}},"32":{"start":{"line":33,"column":0},"end":{"line":33,"column":58}},"33":{"start":{"line":34,"column":0},"end":{"line":34,"column":38}},"34":{"start":{"line":35,"column":0},"end":{"line":35,"column":28}},"35":{"start":{"line":36,"column":0},"end":{"line":36,"column":27}},"36":{"start":{"line":37,"column":0},"end":{"line":37,"column":37}},"37":{"start":{"line":38,"column":0},"end":{"line":38,"column":30}},"38":{"start":{"line":39,"column":0},"end":{"line":39,"column":27}},"39":{"start":{"line":40,"column":0},"end":{"line":40,"column":9}},"40":{"start":{"line":41,"column":0},"end":{"line":41,"column":15}},"41":{"start":{"line":42,"column":0},"end":{"line":42,"column":7}},"42":{"start":{"line":43,"column":0},"end":{"line":43,"column":39}},"43":{"start":{"line":44,"column":0},"end":{"line":44,"column":27}},"44":{"start":{"line":45,"column":0},"end":{"line":45,"column":47}},"45":{"start":{"line":46,"column":0},"end":{"line":46,"column":7}},"46":{"start":{"line":47,"column":0},"end":{"line":47,"column":7}},"48":{"start":{"line":49,"column":0},"end":{"line":49,"column":33}},"49":{"start":{"line":50,"column":0},"end":{"line":50,"column":31}},"50":{"start":{"line":51,"column":0},"end":{"line":51,"column":63}},"51":{"start":{"line":52,"column":0},"end":{"line":52,"column":25}},"52":{"start":{"line":53,"column":0},"end":{"line":53,"column":26}},"53":{"start":{"line":54,"column":0},"end":{"line":54,"column":26}},"54":{"start":{"line":55,"column":0},"end":{"line":55,"column":40}},"55":{"start":{"line":56,"column":0},"end":{"line":56,"column":7}},"56":{"start":{"line":57,"column":0},"end":{"line":57,"column":3}},"58":{"start":{"line":59,"column":0},"end":{"line":59,"column":34}},"59":{"start":{"line":60,"column":0},"end":{"line":60,"column":29}},"60":{"start":{"line":61,"column":0},"end":{"line":61,"column":24}},"61":{"start":{"line":62,"column":0},"end":{"line":62,"column":27}},"62":{"start":{"line":63,"column":0},"end":{"line":63,"column":13}},"63":{"start":{"line":64,"column":0},"end":{"line":64,"column":5}},"64":{"start":{"line":65,"column":0},"end":{"line":65,"column":21}},"65":{"start":{"line":66,"column":0},"end":{"line":66,"column":3}},"67":{"start":{"line":68,"column":0},"end":{"line":68,"column":41}},"68":{"start":{"line":69,"column":0},"end":{"line":69,"column":26}},"69":{"start":{"line":70,"column":0},"end":{"line":70,"column":53}},"70":{"start":{"line":71,"column":0},"end":{"line":71,"column":3}},"72":{"start":{"line":73,"column":0},"end":{"line":73,"column":12}},"73":{"start":{"line":74,"column":0},"end":{"line":74,"column":29}},"74":{"start":{"line":75,"column":0},"end":{"line":75,"column":24}},"75":{"start":{"line":76,"column":0},"end":{"line":76,"column":22}},"76":{"start":{"line":77,"column":0},"end":{"line":77,"column":3}},"77":{"start":{"line":78,"column":0},"end":{"line":78,"column":1}}},"s":{"0":0,"5":0,"17":0,"18":0,"19":0,"20":0,"21":0,"23":0,"25":0,"27":0,"28":0,"29":0,"30":0,"32":0,"33":0,"34":0,"35":0,"36":0,"37":0,"38":0,"39":0,"40":0,"41":0,"42":0,"43":0,"44":0,"45":0,"46":0,"48":0,"49":0,"50":0,"51":0,"52":0,"53":0,"54":0,"55":0,"56":0,"58":0,"59":0,"60":0,"61":0,"62":0,"63":0,"64":0,"65":0,"67":0,"68":0,"69":0,"70":0,"72":0,"73":0,"74":0,"75":0,"76":0,"77":0},"branchMap":{"0":{"type":"branch","line":1,"loc":{"start":{"line":1,"column":2319},"end":{"line":78,"column":1}},"locations":[{"start":{"line":1,"column":2319},"end":{"line":78,"column":1}}]}},"b":{"0":[0]},"fnMap":{"0":{"name":"(empty-report)","decl":{"start":{"line":1,"column":2319},"end":{"line":78,"column":1}},"loc":{"start":{"line":1,"column":2319},"end":{"line":78,"column":1}},"line":1}},"f":{"0":0}}
,"D:\\CodingProjects\\slippi-live-stats-vite\\electron\\main\\replayLoadManager.ts": {"path":"D:\\CodingProjects\\slippi-live-stats-vite\\electron\\main\\replayLoadManager.ts","all":false,"statementMap":{"0":{"start":{"line":1,"column":0},"end":{"line":1,"column":25}},"8":{"start":{"line":9,"column":0},"end":{"line":9,"column":52}},"10":{"start":{"line":11,"column":0},"end":{"line":11,"column":32}},"11":{"start":{"line":12,"column":0},"end":{"line":12,"column":59}},"12":{"start":{"line":13,"column":0},"end":{"line":13,"column":40}},"13":{"start":{"line":14,"column":0},"end":{"line":14,"column":43}},"14":{"start":{"line":15,"column":0},"end":{"line":15,"column":33}},"15":{"start":{"line":16,"column":0},"end":{"line":16,"column":35}},"16":{"start":{"line":17,"column":0},"end":{"line":17,"column":45}},"18":{"start":{"line":19,"column":0},"end":{"line":19,"column":47}},"19":{"start":{"line":20,"column":0},"end":{"line":20,"column":39}},"21":{"start":{"line":22,"column":0},"end":{"line":22,"column":66}},"22":{"start":{"line":23,"column":0},"end":{"line":23,"column":30}},"23":{"start":{"line":24,"column":0},"end":{"line":24,"column":29}},"24":{"start":{"line":25,"column":0},"end":{"line":25,"column":31}},"25":{"start":{"line":26,"column":0},"end":{"line":26,"column":46}},"31":{"start":{"line":32,"column":0},"end":{"line":32,"column":48}},"33":{"start":{"line":34,"column":0},"end":{"line":34,"column":53}},"35":{"start":{"line":36,"column":0},"end":{"line":36,"column":26}},"37":{"start":{"line":38,"column":0},"end":{"line":38,"column":31}},"38":{"start":{"line":39,"column":0},"end":{"line":39,"column":25}},"39":{"start":{"line":40,"column":0},"end":{"line":40,"column":46}},"40":{"start":{"line":41,"column":0},"end":{"line":41,"column":5}},"41":{"start":{"line":42,"column":0},"end":{"line":42,"column":25}},"42":{"start":{"line":43,"column":0},"end":{"line":43,"column":3}},"49":{"start":{"line":50,"column":0},"end":{"line":50,"column":43}},"50":{"start":{"line":51,"column":0},"end":{"line":51,"column":40}},"51":{"start":{"line":52,"column":0},"end":{"line":52,"column":34}},"52":{"start":{"line":53,"column":0},"end":{"line":53,"column":23}},"53":{"start":{"line":54,"column":0},"end":{"line":54,"column":39}},"54":{"start":{"line":55,"column":0},"end":{"line":55,"column":46}},"55":{"start":{"line":56,"column":0},"end":{"line":56,"column":41}},"56":{"start":{"line":57,"column":0},"end":{"line":57,"column":43}},"58":{"start":{"line":59,"column":0},"end":{"line":59,"column":34}},"59":{"start":{"line":60,"column":0},"end":{"line":60,"column":9}},"60":{"start":{"line":61,"column":0},"end":{"line":61,"column":54}},"61":{"start":{"line":62,"column":0},"end":{"line":62,"column":21}},"65":{"start":{"line":66,"column":0},"end":{"line":66,"column":66}},"69":{"start":{"line":70,"column":0},"end":{"line":70,"column":67}},"70":{"start":{"line":71,"column":0},"end":{"line":71,"column":24}},"71":{"start":{"line":72,"column":0},"end":{"line":72,"column":9}},"72":{"start":{"line":73,"column":0},"end":{"line":73,"column":27}},"73":{"start":{"line":74,"column":0},"end":{"line":74,"column":19}},"74":{"start":{"line":75,"column":0},"end":{"line":75,"column":5}},"79":{"start":{"line":80,"column":0},"end":{"line":80,"column":58}},"80":{"start":{"line":81,"column":0},"end":{"line":81,"column":38}},"81":{"start":{"line":82,"column":0},"end":{"line":82,"column":53}},"82":{"start":{"line":83,"column":0},"end":{"line":83,"column":6}},"84":{"start":{"line":85,"column":0},"end":{"line":85,"column":34}},"87":{"start":{"line":88,"column":0},"end":{"line":88,"column":27}},"88":{"start":{"line":89,"column":0},"end":{"line":89,"column":19}},"89":{"start":{"line":90,"column":0},"end":{"line":90,"column":5}},"90":{"start":{"line":91,"column":0},"end":{"line":91,"column":38}},"92":{"start":{"line":93,"column":0},"end":{"line":93,"column":48}},"93":{"start":{"line":94,"column":0},"end":{"line":94,"column":34}},"96":{"start":{"line":97,"column":0},"end":{"line":97,"column":34}},"97":{"start":{"line":98,"column":0},"end":{"line":98,"column":28}},"98":{"start":{"line":99,"column":0},"end":{"line":99,"column":37}},"102":{"start":{"line":103,"column":0},"end":{"line":103,"column":72}},"103":{"start":{"line":104,"column":0},"end":{"line":104,"column":47}},"104":{"start":{"line":105,"column":0},"end":{"line":105,"column":25}},"105":{"start":{"line":106,"column":0},"end":{"line":106,"column":5}},"106":{"start":{"line":107,"column":0},"end":{"line":107,"column":16}},"107":{"start":{"line":108,"column":0},"end":{"line":108,"column":3}},"109":{"start":{"line":110,"column":0},"end":{"line":110,"column":61}},"110":{"start":{"line":111,"column":0},"end":{"line":111,"column":40}},"112":{"start":{"line":113,"column":0},"end":{"line":113,"column":30}},"113":{"start":{"line":114,"column":0},"end":{"line":114,"column":28}},"114":{"start":{"line":115,"column":0},"end":{"line":115,"column":37}},"115":{"start":{"line":116,"column":0},"end":{"line":116,"column":38}},"116":{"start":{"line":117,"column":0},"end":{"line":117,"column":32}},"117":{"start":{"line":118,"column":0},"end":{"line":118,"column":34}},"118":{"start":{"line":119,"column":0},"end":{"line":119,"column":37}},"120":{"start":{"line":121,"column":0},"end":{"line":121,"column":23}},"121":{"start":{"line":122,"column":0},"end":{"line":122,"column":3}},"124":{"start":{"line":125,"column":0},"end":{"line":125,"column":80}},"125":{"start":{"line":126,"column":0},"end":{"line":126,"column":50}},"126":{"start":{"line":127,"column":0},"end":{"line":127,"column":38}},"127":{"start":{"line":128,"column":0},"end":{"line":128,"column":41}},"128":{"start":{"line":129,"column":0},"end":{"line":129,"column":38}},"129":{"start":{"line":130,"column":0},"end":{"line":130,"column":3}},"131":{"start":{"line":132,"column":0},"end":{"line":132,"column":25}},"132":{"start":{"line":133,"column":0},"end":{"line":133,"column":37}},"133":{"start":{"line":134,"column":0},"end":{"line":134,"column":60}},"134":{"start":{"line":135,"column":0},"end":{"line":135,"column":60}},"135":{"start":{"line":136,"column":0},"end":{"line":136,"column":7}},"136":{"start":{"line":137,"column":0},"end":{"line":137,"column":30}},"138":{"start":{"line":139,"column":0},"end":{"line":139,"column":26}},"139":{"start":{"line":140,"column":0},"end":{"line":140,"column":18}},"140":{"start":{"line":141,"column":0},"end":{"line":141,"column":3}},"142":{"start":{"line":143,"column":0},"end":{"line":143,"column":52}},"143":{"start":{"line":144,"column":0},"end":{"line":144,"column":78}},"144":{"start":{"line":145,"column":0},"end":{"line":145,"column":36}},"145":{"start":{"line":146,"column":0},"end":{"line":146,"column":58}},"146":{"start":{"line":147,"column":0},"end":{"line":147,"column":16}},"147":{"start":{"line":148,"column":0},"end":{"line":148,"column":3}},"149":{"start":{"line":150,"column":0},"end":{"line":150,"column":42}},"150":{"start":{"line":151,"column":0},"end":{"line":151,"column":39}},"151":{"start":{"line":152,"column":0},"end":{"line":152,"column":17}},"152":{"start":{"line":153,"column":0},"end":{"line":153,"column":32}},"153":{"start":{"line":154,"column":0},"end":{"line":154,"column":13}},"154":{"start":{"line":155,"column":0},"end":{"line":155,"column":5}},"155":{"start":{"line":156,"column":0},"end":{"line":156,"column":24}},"156":{"start":{"line":157,"column":0},"end":{"line":157,"column":3}},"158":{"start":{"line":159,"column":0},"end":{"line":159,"column":66}},"159":{"start":{"line":160,"column":0},"end":{"line":160,"column":67}},"160":{"start":{"line":161,"column":0},"end":{"line":161,"column":58}},"161":{"start":{"line":162,"column":0},"end":{"line":162,"column":5}},"162":{"start":{"line":163,"column":0},"end":{"line":163,"column":69}},"163":{"start":{"line":164,"column":0},"end":{"line":164,"column":3}},"165":{"start":{"line":166,"column":0},"end":{"line":166,"column":70}},"166":{"start":{"line":167,"column":0},"end":{"line":167,"column":60}},"172":{"start":{"line":173,"column":0},"end":{"line":173,"column":64}},"173":{"start":{"line":174,"column":0},"end":{"line":174,"column":74}},"174":{"start":{"line":175,"column":0},"end":{"line":175,"column":5}},"176":{"start":{"line":177,"column":0},"end":{"line":177,"column":33}},"179":{"start":{"line":180,"column":0},"end":{"line":180,"column":26}},"180":{"start":{"line":181,"column":0},"end":{"line":181,"column":13}},"181":{"start":{"line":182,"column":0},"end":{"line":182,"column":11}},"182":{"start":{"line":183,"column":0},"end":{"line":183,"column":78}},"183":{"start":{"line":184,"column":0},"end":{"line":184,"column":8}},"184":{"start":{"line":185,"column":0},"end":{"line":185,"column":12}},"185":{"start":{"line":186,"column":0},"end":{"line":186,"column":47}},"186":{"start":{"line":187,"column":0},"end":{"line":187,"column":5}},"188":{"start":{"line":189,"column":0},"end":{"line":189,"column":34}},"189":{"start":{"line":190,"column":0},"end":{"line":190,"column":25}},"190":{"start":{"line":191,"column":0},"end":{"line":191,"column":5}},"191":{"start":{"line":192,"column":0},"end":{"line":192,"column":3}},"198":{"start":{"line":199,"column":0},"end":{"line":199,"column":25}},"199":{"start":{"line":200,"column":0},"end":{"line":200,"column":32}},"200":{"start":{"line":201,"column":0},"end":{"line":201,"column":37}},"201":{"start":{"line":202,"column":0},"end":{"line":202,"column":33}},"202":{"start":{"line":203,"column":0},"end":{"line":203,"column":5}},"203":{"start":{"line":204,"column":0},"end":{"line":204,"column":53}},"204":{"start":{"line":205,"column":0},"end":{"line":205,"column":50}},"206":{"start":{"line":207,"column":0},"end":{"line":207,"column":40}},"207":{"start":{"line":208,"column":0},"end":{"line":208,"column":13}},"208":{"start":{"line":209,"column":0},"end":{"line":209,"column":5}},"209":{"start":{"line":210,"column":0},"end":{"line":210,"column":41}},"210":{"start":{"line":211,"column":0},"end":{"line":211,"column":43}},"211":{"start":{"line":212,"column":0},"end":{"line":212,"column":58}},"212":{"start":{"line":213,"column":0},"end":{"line":213,"column":12}},"213":{"start":{"line":214,"column":0},"end":{"line":214,"column":14}},"214":{"start":{"line":215,"column":0},"end":{"line":215,"column":17}},"215":{"start":{"line":216,"column":0},"end":{"line":216,"column":12}},"216":{"start":{"line":217,"column":0},"end":{"line":217,"column":7}},"217":{"start":{"line":218,"column":0},"end":{"line":218,"column":3}},"225":{"start":{"line":226,"column":0},"end":{"line":226,"column":46}},"226":{"start":{"line":227,"column":0},"end":{"line":227,"column":60}},"227":{"start":{"line":228,"column":0},"end":{"line":228,"column":20}},"228":{"start":{"line":229,"column":0},"end":{"line":229,"column":36}},"229":{"start":{"line":230,"column":0},"end":{"line":230,"column":27}},"230":{"start":{"line":231,"column":0},"end":{"line":231,"column":5}},"231":{"start":{"line":232,"column":0},"end":{"line":232,"column":3}},"233":{"start":{"line":234,"column":0},"end":{"line":234,"column":27}},"234":{"start":{"line":235,"column":0},"end":{"line":235,"column":37}},"238":{"start":{"line":239,"column":0},"end":{"line":239,"column":38}},"239":{"start":{"line":240,"column":0},"end":{"line":240,"column":54}},"240":{"start":{"line":241,"column":0},"end":{"line":241,"column":48}},"241":{"start":{"line":242,"column":0},"end":{"line":242,"column":11}},"242":{"start":{"line":243,"column":0},"end":{"line":243,"column":7}},"243":{"start":{"line":244,"column":0},"end":{"line":244,"column":12}},"244":{"start":{"line":245,"column":0},"end":{"line":245,"column":58}},"245":{"start":{"line":246,"column":0},"end":{"line":246,"column":5}},"246":{"start":{"line":247,"column":0},"end":{"line":247,"column":42}},"247":{"start":{"line":248,"column":0},"end":{"line":248,"column":39}},"249":{"start":{"line":250,"column":0},"end":{"line":250,"column":51}},"250":{"start":{"line":251,"column":0},"end":{"line":251,"column":3}},"252":{"start":{"line":253,"column":0},"end":{"line":253,"column":50}},"255":{"start":{"line":256,"column":0},"end":{"line":256,"column":43}},"257":{"start":{"line":258,"column":0},"end":{"line":258,"column":39}},"258":{"start":{"line":259,"column":0},"end":{"line":259,"column":62}},"259":{"start":{"line":260,"column":0},"end":{"line":260,"column":28}},"260":{"start":{"line":261,"column":0},"end":{"line":261,"column":81}},"261":{"start":{"line":262,"column":0},"end":{"line":262,"column":10}},"263":{"start":{"line":264,"column":0},"end":{"line":264,"column":65}},"264":{"start":{"line":265,"column":0},"end":{"line":265,"column":50}},"265":{"start":{"line":266,"column":0},"end":{"line":266,"column":54}},"266":{"start":{"line":267,"column":0},"end":{"line":267,"column":41}},"267":{"start":{"line":268,"column":0},"end":{"line":268,"column":7}},"268":{"start":{"line":269,"column":0},"end":{"line":269,"column":3}},"270":{"start":{"line":271,"column":0},"end":{"line":271,"column":48}},"271":{"start":{"line":272,"column":0},"end":{"line":272,"column":26}},"272":{"start":{"line":273,"column":0},"end":{"line":273,"column":24}},"275":{"start":{"line":276,"column":0},"end":{"line":276,"column":56}},"276":{"start":{"line":277,"column":0},"end":{"line":277,"column":28}},"277":{"start":{"line":278,"column":0},"end":{"line":278,"column":16}},"278":{"start":{"line":279,"column":0},"end":{"line":279,"column":26}},"279":{"start":{"line":280,"column":0},"end":{"line":280,"column":28}},"280":{"start":{"line":281,"column":0},"end":{"line":281,"column":51}},"281":{"start":{"line":282,"column":0},"end":{"line":282,"column":15}},"282":{"start":{"line":283,"column":0},"end":{"line":283,"column":60}},"283":{"start":{"line":284,"column":0},"end":{"line":284,"column":50}},"285":{"start":{"line":286,"column":0},"end":{"line":286,"column":46}},"286":{"start":{"line":287,"column":0},"end":{"line":287,"column":78}},"287":{"start":{"line":288,"column":0},"end":{"line":288,"column":50}},"288":{"start":{"line":289,"column":0},"end":{"line":289,"column":51}},"289":{"start":{"line":290,"column":0},"end":{"line":290,"column":47}},"295":{"start":{"line":296,"column":0},"end":{"line":296,"column":51}},"296":{"start":{"line":297,"column":0},"end":{"line":297,"column":43}},"297":{"start":{"line":298,"column":0},"end":{"line":298,"column":31}},"298":{"start":{"line":299,"column":0},"end":{"line":299,"column":46}},"299":{"start":{"line":300,"column":0},"end":{"line":300,"column":17}},"300":{"start":{"line":301,"column":0},"end":{"line":301,"column":13}},"302":{"start":{"line":303,"column":0},"end":{"line":303,"column":48}},"303":{"start":{"line":304,"column":0},"end":{"line":304,"column":68}},"304":{"start":{"line":305,"column":0},"end":{"line":305,"column":22}},"305":{"start":{"line":306,"column":0},"end":{"line":306,"column":48}},"306":{"start":{"line":307,"column":0},"end":{"line":307,"column":41}},"307":{"start":{"line":308,"column":0},"end":{"line":308,"column":66}},"308":{"start":{"line":309,"column":0},"end":{"line":309,"column":16}},"309":{"start":{"line":310,"column":0},"end":{"line":310,"column":15}},"313":{"start":{"line":314,"column":0},"end":{"line":314,"column":64}},"314":{"start":{"line":315,"column":0},"end":{"line":315,"column":64}},"315":{"start":{"line":316,"column":0},"end":{"line":316,"column":23}},"316":{"start":{"line":317,"column":0},"end":{"line":317,"column":22}},"317":{"start":{"line":318,"column":0},"end":{"line":318,"column":22}},"318":{"start":{"line":319,"column":0},"end":{"line":319,"column":15}},"319":{"start":{"line":320,"column":0},"end":{"line":320,"column":25}},"320":{"start":{"line":321,"column":0},"end":{"line":321,"column":9}},"321":{"start":{"line":322,"column":0},"end":{"line":322,"column":8}},"322":{"start":{"line":323,"column":0},"end":{"line":323,"column":6}},"323":{"start":{"line":324,"column":0},"end":{"line":324,"column":4}},"325":{"start":{"line":326,"column":0},"end":{"line":326,"column":38}},"326":{"start":{"line":327,"column":0},"end":{"line":327,"column":26}},"327":{"start":{"line":328,"column":0},"end":{"line":328,"column":4}},"329":{"start":{"line":330,"column":0},"end":{"line":330,"column":28}},"330":{"start":{"line":331,"column":0},"end":{"line":331,"column":71}},"331":{"start":{"line":332,"column":0},"end":{"line":332,"column":4}},"332":{"start":{"line":333,"column":0},"end":{"line":333,"column":1}}},"s":{"0":1,"8":1,"10":1,"11":1,"12":1,"13":1,"14":1,"15":1,"16":1,"18":1,"19":1,"21":1,"22":1,"23":1,"24":1,"25":1,"31":1,"33":1,"35":1,"37":1,"38":37,"39":37,"40":37,"41":37,"42":37,"49":1,"50":26,"51":26,"52":26,"53":26,"54":26,"55":24,"56":24,"58":24,"59":24,"60":24,"61":26,"65":3,"69":3,"70":3,"71":3,"72":3,"73":3,"74":3,"79":21,"80":21,"81":21,"82":21,"84":26,"87":2,"88":2,"89":2,"90":19,"92":19,"93":19,"96":19,"97":19,"98":19,"102":19,"103":26,"104":21,"105":21,"106":19,"107":26,"109":1,"110":9,"112":8,"113":8,"114":8,"115":8,"116":8,"117":8,"118":8,"120":8,"121":9,"124":1,"125":15,"126":15,"127":15,"128":15,"129":15,"131":1,"132":34,"133":34,"134":34,"135":34,"136":34,"138":34,"139":34,"140":34,"142":1,"143":48,"144":46,"145":48,"146":9,"147":48,"149":1,"150":48,"151":48,"152":9,"153":9,"154":9,"155":39,"156":48,"158":1,"159":16,"160":2,"161":2,"162":16,"163":16,"165":1,"166":5,"172":5,"173":1,"174":1,"176":5,"179":2,"180":2,"181":2,"182":2,"183":2,"184":5,"185":3,"186":3,"188":5,"189":5,"190":5,"191":5,"198":1,"199":18,"200":18,"201":18,"202":18,"203":18,"204":18,"206":1,"207":1,"208":1,"209":17,"210":17,"211":17,"212":17,"213":17,"214":17,"215":17,"216":17,"217":18,"225":1,"226":9,"227":9,"228":9,"229":9,"230":9,"231":9,"233":1,"234":14,"238":3,"239":2,"240":2,"241":2,"242":2,"243":14,"244":11,"245":11,"246":14,"247":14,"249":14,"250":14,"252":1,"255":15,"257":12,"258":12,"259":12,"260":12,"261":12,"263":15,"264":15,"265":15,"266":15,"267":15,"268":15,"270":1,"271":24,"272":24,"275":24,"276":20,"277":20,"278":20,"279":20,"280":12,"281":8,"282":8,"283":8,"285":8,"286":8,"287":6,"288":6,"289":6,"295":5,"296":5,"297":5,"298":5,"299":5,"300":5,"302":6,"303":8,"304":12,"305":12,"306":12,"307":12,"308":12,"309":8,"313":8,"314":8,"315":8,"316":8,"317":8,"318":8,"319":8,"320":8,"321":12,"322":20,"323":24,"325":1,"326":19,"327":19,"329":1,"330":50,"331":50,"332":1},"branchMap":{"0":{"type":"branch","line":11,"loc":{"start":{"line":11,"column":31},"end":{"line":333,"column":1}},"locations":[{"start":{"line":11,"column":31},"end":{"line":333,"column":1}}]},"1":{"type":"branch","line":11,"loc":{"start":{"line":11,"column":31},"end":{"line":333,"column":1}},"locations":[{"start":{"line":11,"column":31},"end":{"line":333,"column":1}}]},"2":{"type":"branch","line":36,"loc":{"start":{"line":36,"column":10},"end":{"line":36,"column":26}},"locations":[{"start":{"line":36,"column":10},"end":{"line":36,"column":26}}]},"3":{"type":"branch","line":38,"loc":{"start":{"line":38,"column":16},"end":{"line":43,"column":3}},"locations":[{"start":{"line":38,"column":16},"end":{"line":43,"column":3}}]},"4":{"type":"branch","line":50,"loc":{"start":{"line":50,"column":2},"end":{"line":108,"column":3}},"locations":[{"start":{"line":50,"column":2},"end":{"line":108,"column":3}}]},"5":{"type":"branch","line":54,"loc":{"start":{"line":54,"column":26},"end":{"line":54,"column":39}},"locations":[{"start":{"line":54,"column":26},"end":{"line":54,"column":39}}]},"6":{"type":"branch","line":54,"loc":{"start":{"line":54,"column":33},"end":{"line":55,"column":40}},"locations":[{"start":{"line":54,"column":33},"end":{"line":55,"column":40}}]},"7":{"type":"branch","line":55,"loc":{"start":{"line":55,"column":33},"end":{"line":55,"column":46}},"locations":[{"start":{"line":55,"column":33},"end":{"line":55,"column":46}}]},"8":{"type":"branch","line":55,"loc":{"start":{"line":55,"column":40},"end":{"line":61,"column":54}},"locations":[{"start":{"line":55,"column":40},"end":{"line":61,"column":54}}]},"9":{"type":"branch","line":61,"loc":{"start":{"line":61,"column":52},"end":{"line":62,"column":13}},"locations":[{"start":{"line":61,"column":52},"end":{"line":62,"column":13}}]},"10":{"type":"branch","line":62,"loc":{"start":{"line":62,"column":4},"end":{"line":75,"column":5}},"locations":[{"start":{"line":62,"column":4},"end":{"line":75,"column":5}}]},"11":{"type":"branch","line":75,"loc":{"start":{"line":75,"column":4},"end":{"line":85,"column":33}},"locations":[{"start":{"line":75,"column":4},"end":{"line":85,"column":33}}]},"12":{"type":"branch","line":85,"loc":{"start":{"line":85,"column":33},"end":{"line":90,"column":5}},"locations":[{"start":{"line":85,"column":33},"end":{"line":90,"column":5}}]},"13":{"type":"branch","line":90,"loc":{"start":{"line":90,"column":4},"end":{"line":104,"column":46}},"locations":[{"start":{"line":90,"column":4},"end":{"line":104,"column":46}}]},"14":{"type":"branch","line":104,"loc":{"start":{"line":104,"column":46},"end":{"line":106,"column":5}},"locations":[{"start":{"line":104,"column":46},"end":{"line":106,"column":5}}]},"15":{"type":"branch","line":106,"loc":{"start":{"line":106,"column":4},"end":{"line":107,"column":16}},"locations":[{"start":{"line":106,"column":4},"end":{"line":107,"column":16}}]},"16":{"type":"branch","line":82,"loc":{"start":{"line":82,"column":6},"end":{"line":82,"column":53}},"locations":[{"start":{"line":82,"column":6},"end":{"line":82,"column":53}}]},"17":{"type":"branch","line":110,"loc":{"start":{"line":110,"column":2},"end":{"line":122,"column":3}},"locations":[{"start":{"line":110,"column":2},"end":{"line":122,"column":3}}]},"18":{"type":"branch","line":111,"loc":{"start":{"line":111,"column":33},"end":{"line":111,"column":40}},"locations":[{"start":{"line":111,"column":33},"end":{"line":111,"column":40}}]},"19":{"type":"branch","line":111,"loc":{"start":{"line":111,"column":33},"end":{"line":121,"column":23}},"locations":[{"start":{"line":111,"column":33},"end":{"line":121,"column":23}}]},"20":{"type":"branch","line":125,"loc":{"start":{"line":125,"column":9},"end":{"line":130,"column":3}},"locations":[{"start":{"line":125,"column":9},"end":{"line":130,"column":3}}]},"21":{"type":"branch","line":129,"loc":{"start":{"line":129,"column":16},"end":{"line":129,"column":38}},"locations":[{"start":{"line":129,"column":16},"end":{"line":129,"column":38}}]},"22":{"type":"branch","line":132,"loc":{"start":{"line":132,"column":10},"end":{"line":141,"column":3}},"locations":[{"start":{"line":132,"column":10},"end":{"line":141,"column":3}}]},"23":{"type":"branch","line":134,"loc":{"start":{"line":134,"column":17},"end":{"line":134,"column":60}},"locations":[{"start":{"line":134,"column":17},"end":{"line":134,"column":60}}]},"24":{"type":"branch","line":135,"loc":{"start":{"line":135,"column":15},"end":{"line":135,"column":60}},"locations":[{"start":{"line":135,"column":15},"end":{"line":135,"column":60}}]},"25":{"type":"branch","line":143,"loc":{"start":{"line":143,"column":10},"end":{"line":148,"column":3}},"locations":[{"start":{"line":143,"column":10},"end":{"line":148,"column":3}}]},"26":{"type":"branch","line":144,"loc":{"start":{"line":144,"column":39},"end":{"line":144,"column":78}},"locations":[{"start":{"line":144,"column":39},"end":{"line":144,"column":78}}]},"27":{"type":"branch","line":144,"loc":{"start":{"line":144,"column":76},"end":{"line":146,"column":13}},"locations":[{"start":{"line":144,"column":76},"end":{"line":146,"column":13}}]},"28":{"type":"branch","line":146,"loc":{"start":{"line":146,"column":6},"end":{"line":146,"column":58}},"locations":[{"start":{"line":146,"column":6},"end":{"line":146,"column":58}}]},"29":{"type":"branch","line":146,"loc":{"start":{"line":146,"column":56},"end":{"line":147,"column":16}},"locations":[{"start":{"line":146,"column":56},"end":{"line":147,"column":16}}]},"30":{"type":"branch","line":150,"loc":{"start":{"line":150,"column":10},"end":{"line":157,"column":3}},"locations":[{"start":{"line":150,"column":10},"end":{"line":157,"column":3}}]},"31":{"type":"branch","line":152,"loc":{"start":{"line":152,"column":16},"end":{"line":155,"column":5}},"locations":[{"start":{"line":152,"column":16},"end":{"line":155,"column":5}}]},"32":{"type":"branch","line":155,"loc":{"start":{"line":155,"column":4},"end":{"line":156,"column":24}},"locations":[{"start":{"line":155,"column":4},"end":{"line":156,"column":24}}]},"33":{"type":"branch","line":159,"loc":{"start":{"line":159,"column":10},"end":{"line":164,"column":3}},"locations":[{"start":{"line":159,"column":10},"end":{"line":164,"column":3}}]},"34":{"type":"branch","line":160,"loc":{"start":{"line":160,"column":13},"end":{"line":160,"column":66}},"locations":[{"start":{"line":160,"column":13},"end":{"line":160,"column":66}}]},"35":{"type":"branch","line":160,"loc":{"start":{"line":160,"column":66},"end":{"line":162,"column":5}},"locations":[{"start":{"line":160,"column":66},"end":{"line":162,"column":5}}]},"36":{"type":"branch","line":166,"loc":{"start":{"line":166,"column":10},"end":{"line":192,"column":3}},"locations":[{"start":{"line":166,"column":10},"end":{"line":192,"column":3}}]},"37":{"type":"branch","line":173,"loc":{"start":{"line":173,"column":63},"end":{"line":175,"column":5}},"locations":[{"start":{"line":173,"column":63},"end":{"line":175,"column":5}}]},"38":{"type":"branch","line":177,"loc":{"start":{"line":177,"column":32},"end":{"line":185,"column":11}},"locations":[{"start":{"line":177,"column":32},"end":{"line":185,"column":11}}]},"39":{"type":"branch","line":185,"loc":{"start":{"line":185,"column":4},"end":{"line":187,"column":5}},"locations":[{"start":{"line":185,"column":4},"end":{"line":187,"column":5}}]},"40":{"type":"branch","line":167,"loc":{"start":{"line":167,"column":39},"end":{"line":167,"column":58}},"locations":[{"start":{"line":167,"column":39},"end":{"line":167,"column":58}}]},"41":{"type":"branch","line":183,"loc":{"start":{"line":183,"column":22},"end":{"line":183,"column":76}},"locations":[{"start":{"line":183,"column":22},"end":{"line":183,"column":76}}]},"42":{"type":"branch","line":199,"loc":{"start":{"line":199,"column":10},"end":{"line":218,"column":3}},"locations":[{"start":{"line":199,"column":10},"end":{"line":218,"column":3}}]},"43":{"type":"branch","line":205,"loc":{"start":{"line":205,"column":9},"end":{"line":205,"column":49}},"locations":[{"start":{"line":205,"column":9},"end":{"line":205,"column":49}}]},"44":{"type":"branch","line":205,"loc":{"start":{"line":205,"column":49},"end":{"line":209,"column":5}},"locations":[{"start":{"line":205,"column":49},"end":{"line":209,"column":5}}]},"45":{"type":"branch","line":209,"loc":{"start":{"line":209,"column":4},"end":{"line":217,"column":7}},"locations":[{"start":{"line":209,"column":4},"end":{"line":217,"column":7}}]},"46":{"type":"branch","line":226,"loc":{"start":{"line":226,"column":10},"end":{"line":232,"column":3}},"locations":[{"start":{"line":226,"column":10},"end":{"line":232,"column":3}}]},"47":{"type":"branch","line":227,"loc":{"start":{"line":227,"column":39},"end":{"line":227,"column":58}},"locations":[{"start":{"line":227,"column":39},"end":{"line":227,"column":58}}]},"48":{"type":"branch","line":234,"loc":{"start":{"line":234,"column":10},"end":{"line":251,"column":3}},"locations":[{"start":{"line":234,"column":10},"end":{"line":251,"column":3}}]},"49":{"type":"branch","line":235,"loc":{"start":{"line":235,"column":36},"end":{"line":244,"column":11}},"locations":[{"start":{"line":235,"column":36},"end":{"line":244,"column":11}}]},"50":{"type":"branch","line":239,"loc":{"start":{"line":239,"column":37},"end":{"line":243,"column":7}},"locations":[{"start":{"line":239,"column":37},"end":{"line":243,"column":7}}]},"51":{"type":"branch","line":244,"loc":{"start":{"line":244,"column":4},"end":{"line":246,"column":5}},"locations":[{"start":{"line":244,"column":4},"end":{"line":246,"column":5}}]},"52":{"type":"branch","line":253,"loc":{"start":{"line":253,"column":9},"end":{"line":269,"column":3}},"locations":[{"start":{"line":253,"column":9},"end":{"line":269,"column":3}}]},"53":{"type":"branch","line":256,"loc":{"start":{"line":256,"column":36},"end":{"line":256,"column":43}},"locations":[{"start":{"line":256,"column":36},"end":{"line":256,"column":43}}]},"54":{"type":"branch","line":256,"loc":{"start":{"line":256,"column":36},"end":{"line":264,"column":28}},"locations":[{"start":{"line":256,"column":36},"end":{"line":264,"column":28}}]},"55":{"type":"branch","line":271,"loc":{"start":{"line":271,"column":24},"end":{"line":324,"column":4}},"locations":[{"start":{"line":271,"column":24},"end":{"line":324,"column":4}}]},"56":{"type":"branch","line":272,"loc":{"start":{"line":272,"column":9},"end":{"line":272,"column":24}},"locations":[{"start":{"line":272,"column":9},"end":{"line":272,"column":24}}]},"57":{"type":"branch","line":276,"loc":{"start":{"line":276,"column":9},"end":{"line":276,"column":49}},"locations":[{"start":{"line":276,"column":9},"end":{"line":276,"column":49}}]},"58":{"type":"branch","line":276,"loc":{"start":{"line":276,"column":49},"end":{"line":276,"column":56}},"locations":[{"start":{"line":276,"column":49},"end":{"line":276,"column":56}}]},"59":{"type":"branch","line":276,"loc":{"start":{"line":276,"column":49},"end":{"line":323,"column":6}},"locations":[{"start":{"line":276,"column":49},"end":{"line":323,"column":6}}]},"60":{"type":"branch","line":280,"loc":{"start":{"line":280,"column":6},"end":{"line":322,"column":8}},"locations":[{"start":{"line":280,"column":6},"end":{"line":322,"column":8}}]},"61":{"type":"branch","line":281,"loc":{"start":{"line":281,"column":12},"end":{"line":281,"column":50}},"locations":[{"start":{"line":281,"column":12},"end":{"line":281,"column":50}}]},"62":{"type":"branch","line":281,"loc":{"start":{"line":281,"column":50},"end":{"line":321,"column":9}},"locations":[{"start":{"line":281,"column":50},"end":{"line":321,"column":9}}]},"63":{"type":"branch","line":287,"loc":{"start":{"line":287,"column":33},"end":{"line":287,"column":77}},"locations":[{"start":{"line":287,"column":33},"end":{"line":287,"column":77}}]},"64":{"type":"branch","line":287,"loc":{"start":{"line":287,"column":77},"end":{"line":304,"column":46}},"locations":[{"start":{"line":287,"column":77},"end":{"line":304,"column":46}}]},"65":{"type":"branch","line":290,"loc":{"start":{"line":290,"column":40},"end":{"line":290,"column":47}},"locations":[{"start":{"line":290,"column":40},"end":{"line":290,"column":47}}]},"66":{"type":"branch","line":290,"loc":{"start":{"line":290,"column":40},"end":{"line":301,"column":13}},"locations":[{"start":{"line":290,"column":40},"end":{"line":301,"column":13}}]},"67":{"type":"branch","line":314,"loc":{"start":{"line":314,"column":38},"end":{"line":314,"column":53}},"locations":[{"start":{"line":314,"column":38},"end":{"line":314,"column":53}}]},"68":{"type":"branch","line":315,"loc":{"start":{"line":315,"column":12},"end":{"line":315,"column":36}},"locations":[{"start":{"line":315,"column":12},"end":{"line":315,"column":36}}]},"69":{"type":"branch","line":320,"loc":{"start":{"line":320,"column":10},"end":{"line":320,"column":25}},"locations":[{"start":{"line":320,"column":10},"end":{"line":320,"column":25}}]},"70":{"type":"branch","line":304,"loc":{"start":{"line":304,"column":50},"end":{"line":310,"column":13}},"locations":[{"start":{"line":304,"column":50},"end":{"line":310,"column":13}}]},"71":{"type":"branch","line":308,"loc":{"start":{"line":308,"column":37},"end":{"line":308,"column":55}},"locations":[{"start":{"line":308,"column":37},"end":{"line":308,"column":55}}]},"72":{"type":"branch","line":326,"loc":{"start":{"line":326,"column":31},"end":{"line":328,"column":4}},"locations":[{"start":{"line":326,"column":31},"end":{"line":328,"column":4}}]},"73":{"type":"branch","line":327,"loc":{"start":{"line":327,"column":9},"end":{"line":327,"column":24}},"locations":[{"start":{"line":327,"column":9},"end":{"line":327,"column":24}}]},"74":{"type":"branch","line":330,"loc":{"start":{"line":330,"column":21},"end":{"line":332,"column":4}},"locations":[{"start":{"line":330,"column":21},"end":{"line":332,"column":4}}]},"75":{"type":"branch","line":331,"loc":{"start":{"line":331,"column":16},"end":{"line":331,"column":71}},"locations":[{"start":{"line":331,"column":16},"end":{"line":331,"column":71}}]}},"b":{"0":[37],"1":[1],"2":[37],"3":[37],"4":[26],"5":[1],"6":[25],"7":[1],"8":[24],"9":[21],"10":[3],"11":[21],"12":[2],"13":[19],"14":[21],"15":[19],"16":[322],"17":[9],"18":[1],"19":[8],"20":[15],"21":[13],"22":[34],"23":[16],"24":[5],"25":[48],"26":[2],"27":[46],"28":[37],"29":[9],"30":[48],"31":[9],"32":[39],"33":[16],"34":[3],"35":[2],"36":[5],"37":[1],"38":[2],"39":[3],"40":[5],"41":[2],"42":[18],"43":[17],"44":[1],"45":[17],"46":[9],"47":[9],"48":[14],"49":[3],"50":[2],"51":[11],"52":[15],"53":[3],"54":[12],"55":[24],"56":[0],"57":[21],"58":[4],"59":[20],"60":[12],"61":[11],"62":[8],"63":[6],"64":[6],"65":[1],"66":[5],"67":[1],"68":[6],"69":[1],"70":[12],"71":[0],"72":[19],"73":[1],"74":[50],"75":[42]},"fnMap":{"0":{"name":"<instance_members_initializer>","decl":{"start":{"line":11,"column":31},"end":{"line":333,"column":1}},"loc":{"start":{"line":11,"column":31},"end":{"line":333,"column":1}},"line":11},"1":{"name":"<static_initializer>","decl":{"start":{"line":11,"column":31},"end":{"line":333,"column":1}},"loc":{"start":{"line":11,"column":31},"end":{"line":333,"column":1}},"line":11},"2":{"name":"ReplayLoadManager","decl":{"start":{"line":36,"column":10},"end":{"line":36,"column":26}},"loc":{"start":{"line":36,"column":10},"end":{"line":36,"column":26}},"line":36},"3":{"name":"getInstance","decl":{"start":{"line":38,"column":16},"end":{"line":43,"column":3}},"loc":{"start":{"line":38,"column":16},"end":{"line":43,"column":3}},"line":38},"4":{"name":"beginLoadingReplayDirectory","decl":{"start":{"line":50,"column":2},"end":{"line":108,"column":3}},"loc":{"start":{"line":50,"column":2},"end":{"line":108,"column":3}},"line":50},"5":{"name":"beginLoadingReplayFile","decl":{"start":{"line":110,"column":2},"end":{"line":122,"column":3}},"loc":{"start":{"line":110,"column":2},"end":{"line":122,"column":3}},"line":110},"6":{"name":"onReplaysInserted","decl":{"start":{"line":125,"column":9},"end":{"line":130,"column":3}},"loc":{"start":{"line":125,"column":9},"end":{"line":130,"column":3}},"line":125},"7":{"name":"spawnWorker","decl":{"start":{"line":132,"column":10},"end":{"line":141,"column":3}},"loc":{"start":{"line":132,"column":10},"end":{"line":141,"column":3}},"line":132},"8":{"name":"onResults","decl":{"start":{"line":134,"column":17},"end":{"line":134,"column":60}},"loc":{"start":{"line":134,"column":17},"end":{"line":134,"column":60}},"line":134},"9":{"name":"onCrash","decl":{"start":{"line":135,"column":15},"end":{"line":135,"column":60}},"loc":{"start":{"line":135,"column":15},"end":{"line":135,"column":60}},"line":135},"10":{"name":"takeNextBatch","decl":{"start":{"line":143,"column":10},"end":{"line":148,"column":3}},"loc":{"start":{"line":143,"column":10},"end":{"line":148,"column":3}},"line":143},"11":{"name":"dispatch","decl":{"start":{"line":150,"column":10},"end":{"line":157,"column":3}},"loc":{"start":{"line":150,"column":10},"end":{"line":157,"column":3}},"line":150},"12":{"name":"onResults","decl":{"start":{"line":159,"column":10},"end":{"line":164,"column":3}},"loc":{"start":{"line":159,"column":10},"end":{"line":164,"column":3}},"line":159},"13":{"name":"onCrash","decl":{"start":{"line":166,"column":10},"end":{"line":192,"column":3}},"loc":{"start":{"line":166,"column":10},"end":{"line":192,"column":3}},"line":166},"14":{"name":"sendToRenderer","decl":{"start":{"line":199,"column":10},"end":{"line":218,"column":3}},"loc":{"start":{"line":199,"column":10},"end":{"line":218,"column":3}},"line":199},"15":{"name":"retireWorker","decl":{"start":{"line":226,"column":10},"end":{"line":232,"column":3}},"loc":{"start":{"line":226,"column":10},"end":{"line":232,"column":3}},"line":226},"16":{"name":"finishLoading","decl":{"start":{"line":234,"column":10},"end":{"line":251,"column":3}},"loc":{"start":{"line":234,"column":10},"end":{"line":251,"column":3}},"line":234},"17":{"name":"updateReplayLoadProgress","decl":{"start":{"line":253,"column":9},"end":{"line":269,"column":3}},"loc":{"start":{"line":253,"column":9},"end":{"line":269,"column":3}},"line":253},"18":{"name":"listenForReplayFile","decl":{"start":{"line":271,"column":24},"end":{"line":324,"column":4}},"loc":{"start":{"line":271,"column":24},"end":{"line":324,"column":4}},"line":271},"19":{"name":"stopListeningForReplayFile","decl":{"start":{"line":326,"column":31},"end":{"line":328,"column":4}},"loc":{"start":{"line":326,"column":31},"end":{"line":328,"column":4}},"line":326},"20":{"name":"isLoadingReplays","decl":{"start":{"line":330,"column":21},"end":{"line":332,"column":4}},"loc":{"start":{"line":330,"column":21},"end":{"line":332,"column":4}},"line":330}},"f":{"0":37,"1":1,"2":37,"3":37,"4":26,"5":9,"6":15,"7":34,"8":16,"9":5,"10":48,"11":48,"12":16,"13":5,"14":18,"15":9,"16":14,"17":15,"18":24,"19":19,"20":50}}
,"D:\\CodingProjects\\slippi-live-stats-vite\\electron\\main\\utils.ts": {"path":"D:\\CodingProjects\\slippi-live-stats-vite\\electron\\main\\utils.ts","all":false,"statementMap":{"0":{"start":{"line":1,"column":0},"end":{"line":1,"column":53}},"13":{"start":{"line":14,"column":0},"end":{"line":14,"column":35}},"16":{"start":{"line":17,"column":0},"end":{"line":17,"column":51}},"26":{"start":{"line":27,"column":0},"end":{"line":27,"column":37}},"27":{"start":{"line":28,"column":0},"end":{"line":28,"column":32}},"28":{"start":{"line":29,"column":0},"end":{"line":29,"column":26}},"29":{"start":{"line":30,"column":0},"end":{"line":30,"column":28}},"31":{"start":{"line":32,"column":0},"end":{"line":32,"column":56}},"32":{"start":{"line":33,"column":0},"end":{"line":33,"column":20}},"33":{"start":{"line":34,"column":0},"end":{"line":34,"column":24}},"34":{"start":{"line":35,"column":0},"end":{"line":35,"column":5}},"36":{"start":{"line":37,"column":0},"end":{"line":37,"column":16}},"37":{"start":{"line":38,"column":0},"end":{"line":38,"column":75}},"38":{"start":{"line":39,"column":0},"end":{"line":39,"column":22}},"39":{"start":{"line":40,"column":0},"end":{"line":40,"column":23}},"42":{"start":{"line":43,"column":0},"end":{"line":43,"column":52}},"43":{"start":{"line":44,"column":0},"end":{"line":44,"column":8}},"44":{"start":{"line":45,"column":0},"end":{"line":45,"column":1}},"54":{"start":{"line":55,"column":0},"end":{"line":55,"column":22}},"56":{"start":{"line":57,"column":0},"end":{"line":57,"column":64}},"57":{"start":{"line":58,"column":0},"end":{"line":58,"column":74}},"58":{"start":{"line":59,"column":0},"end":{"line":59,"column":75}},"59":{"start":{"line":60,"column":0},"end":{"line":60,"column":66}},"60":{"start":{"line":61,"column":0},"end":{"line":61,"column":2}},"62":{"start":{"line":63,"column":0},"end":{"line":63,"column":45}},"63":{"start":{"line":64,"column":0},"end":{"line":64,"column":40}},"65":{"start":{"line":66,"column":0},"end":{"line":66,"column":34}},"66":{"start":{"line":67,"column":0},"end":{"line":67,"column":22}},"67":{"start":{"line":68,"column":0},"end":{"line":68,"column":60}},"68":{"start":{"line":69,"column":0},"end":{"line":69,"column":16}},"69":{"start":{"line":70,"column":0},"end":{"line":70,"column":29}},"70":{"start":{"line":71,"column":0},"end":{"line":71,"column":31}},"71":{"start":{"line":72,"column":0},"end":{"line":72,"column":21}},"72":{"start":{"line":73,"column":0},"end":{"line":73,"column":21}},"75":{"start":{"line":76,"column":0},"end":{"line":76,"column":24}},"76":{"start":{"line":77,"column":0},"end":{"line":77,"column":26}},"77":{"start":{"line":78,"column":0},"end":{"line":78,"column":21}},"78":{"start":{"line":79,"column":0},"end":{"line":79,"column":23}},"79":{"start":{"line":80,"column":0},"end":{"line":80,"column":6}},"80":{"start":{"line":81,"column":0},"end":{"line":81,"column":5}},"83":{"start":{"line":84,"column":0},"end":{"line":84,"column":53}},"85":{"start":{"line":86,"column":0},"end":{"line":86,"column":28}},"87":{"start":{"line":88,"column":0},"end":{"line":88,"column":44}},"89":{"start":{"line":90,"column":0},"end":{"line":90,"column":42}},"90":{"start":{"line":91,"column":0},"end":{"line":91,"column":10}},"91":{"start":{"line":92,"column":0},"end":{"line":92,"column":36}},"92":{"start":{"line":93,"column":0},"end":{"line":93,"column":3}},"94":{"start":{"line":95,"column":0},"end":{"line":95,"column":40}},"95":{"start":{"line":96,"column":0},"end":{"line":96,"column":23}},"96":{"start":{"line":97,"column":0},"end":{"line":97,"column":5}},"99":{"start":{"line":100,"column":0},"end":{"line":100,"column":60}},"100":{"start":{"line":101,"column":0},"end":{"line":101,"column":58}},"101":{"start":{"line":102,"column":0},"end":{"line":102,"column":30}},"102":{"start":{"line":103,"column":0},"end":{"line":103,"column":5}},"104":{"start":{"line":105,"column":0},"end":{"line":105,"column":32}},"105":{"start":{"line":106,"column":0},"end":{"line":106,"column":48}},"106":{"start":{"line":107,"column":0},"end":{"line":107,"column":15}},"107":{"start":{"line":108,"column":0},"end":{"line":108,"column":5}},"109":{"start":{"line":110,"column":0},"end":{"line":110,"column":26}},"110":{"start":{"line":111,"column":0},"end":{"line":111,"column":2}},"112":{"start":{"line":113,"column":0},"end":{"line":113,"column":40}},"113":{"start":{"line":114,"column":0},"end":{"line":114,"column":20}},"114":{"start":{"line":115,"column":0},"end":{"line":115,"column":2}}},"s":{"0":1,"13":1,"16":1,"26":6,"27":6,"28":6,"29":6,"31":5,"32":5,"33":5,"34":5,"36":5,"37":5,"38":5,"39":6,"42":6,"43":5,"44":5,"54":1,"56":1,"57":8,"58":8,"59":8,"60":8,"62":1,"63":0,"65":0,"66":0,"67":0,"68":0,"69":0,"70":0,"71":0,"72":0,"75":0,"76":0,"77":0,"78":0,"79":0,"80":0,"83":0,"85":0,"87":0,"89":0,"90":0,"91":0,"92":0,"94":0,"95":0,"96":0,"99":0,"100":0,"101":0,"102":0,"104":0,"105":0,"106":0,"107":0,"109":0,"110":0,"112":1,"113":0,"114":0},"branchMap":{"0":{"type":"branch","line":27,"loc":{"start":{"line":27,"column":0},"end":{"line":45,"column":1}},"locations":[{"start":{"line":27,"column":0},"end":{"line":45,"column":1}}]},"1":{"type":"branch","line":30,"loc":{"start":{"line":30,"column":18},"end":{"line":30,"column":28}},"locations":[{"start":{"line":30,"column":18},"end":{"line":30,"column":28}}]},"2":{"type":"branch","line":30,"loc":{"start":{"line":30,"column":26},"end":{"line":45,"column":1}},"locations":[{"start":{"line":30,"column":26},"end":{"line":45,"column":1}}]},"3":{"type":"branch","line":38,"loc":{"start":{"line":38,"column":12},"end":{"line":38,"column":74}},"locations":[{"start":{"line":38,"column":12},"end":{"line":38,"column":74}}]},"4":{"type":"branch","line":38,"loc":{"start":{"line":38,"column":42},"end":{"line":38,"column":74}},"locations":[{"start":{"line":38,"column":42},"end":{"line":38,"column":74}}]},"5":{"type":"branch","line":39,"loc":{"start":{"line":39,"column":9},"end":{"line":44,"column":6}},"locations":[{"start":{"line":39,"column":9},"end":{"line":44,"column":6}}]},"6":{"type":"branch","line":57,"loc":{"start":{"line":57,"column":34},"end":{"line":61,"column":2}},"locations":[{"start":{"line":57,"column":34},"end":{"line":61,"column":2}}]}},"b":{"0":[6],"1":[1],"2":[5],"3":[9],"4":[8],"5":[6],"6":[8]},"fnMap":{"0":{"name":"getReplayFiles","decl":{"start":{"line":27,"column":0},"end":{"line":45,"column":1}},"loc":{"start":{"line":27,"column":0},"end":{"line":45,"column":1}},"line":27},"1":{"name":"getNumberOfWorkers","decl":{"start":{"line":57,"column":34},"end":{"line":61,"column":2}},"loc":{"start":{"line":57,"column":34},"end":{"line":61,"column":2}},"line":57},"2":{"name":"createMainWindow","decl":{"start":{"line":63,"column":32},"end":{"line":111,"column":2}},"loc":{"start":{"line":63,"column":32},"end":{"line":111,"column":2}},"line":63},"3":{"name":"destroyMainWindow","decl":{"start":{"line":113,"column":33},"end":{"line":115,"column":2}},"loc":{"start":{"line":113,"column":33},"end":{"line":115,"column":2}},"line":113}},"f":{"0":6,"1":8,"2":0,"3":0}}
,"D:\\CodingProjects\\slippi-live-stats-vite\\electron\\main\\windowState.ts": {"path":"D:\\CodingProjects\\slippi-live-stats-vite\\electron\\main\\windowState.ts","all":false,"statementMap":{"0":{"start":{"line":1,"column":0},"end":{"line":1,"column":25}},"16":{"start":{"line":17,"column":0},"end":{"line":17,"column":29}},"17":{"start":{"line":18,"column":0},"end":{"line":18,"column":30}},"19":{"start":{"line":20,"column":0},"end":{"line":20,"column":36}},"20":{"start":{"line":21,"column":0},"end":{"line":21,"column":14}},"21":{"start":{"line":22,"column":0},"end":{"line":22,"column":14}},"23":{"start":{"line":24,"column":0},"end":{"line":24,"column":20}},"24":{"start":{"line":25,"column":0},"end":{"line":25,"column":2}},"26":{"start":{"line":27,"column":0},"end":{"line":27,"column":23}},"27":{"start":{"line":28,"column":0},"end":{"line":28,"column":58}},"29":{"start":{"line":30,"column":0},"end":{"line":30,"column":55}},"30":{"start":{"line":31,"column":0},"end":{"line":31,"column":67}},"33":{"start":{"line":34,"column":0},"end":{"line":34,"column":57}},"34":{"start":{"line":35,"column":0},"end":{"line":35,"column":12}},"35":{"start":{"line":36,"column":0},"end":{"line":36,"column":36}},"36":{"start":{"line":37,"column":0},"end":{"line":37,"column":36}},"37":{"start":{"line":38,"column":0},"end":{"line":38,"column":47}},"38":{"start":{"line":39,"column":0},"end":{"line":39,"column":45}},"40":{"start":{"line":41,"column":0},"end":{"line":41,"column":5}},"41":{"start":{"line":42,"column":0},"end":{"line":42,"column":2}},"44":{"start":{"line":45,"column":0},"end":{"line":45,"column":51}},"45":{"start":{"line":46,"column":0},"end":{"line":46,"column":34}},"46":{"start":{"line":47,"column":0},"end":{"line":47,"column":7}},"47":{"start":{"line":48,"column":0},"end":{"line":48,"column":62}},"48":{"start":{"line":49,"column":0},"end":{"line":49,"column":11}},"50":{"start":{"line":51,"column":0},"end":{"line":51,"column":25}},"51":{"start":{"line":52,"column":0},"end":{"line":52,"column":3}},"53":{"start":{"line":54,"column":0},"end":{"line":54,"column":30}},"54":{"start":{"line":55,"column":0},"end":{"line":55,"column":20}},"55":{"start":{"line":56,"column":0},"end":{"line":56,"column":16}},"56":{"start":{"line":57,"column":0},"end":{"line":57,"column":49}},"57":{"start":{"line":58,"column":0},"end":{"line":58,"column":6}},"58":{"start":{"line":59,"column":0},"end":{"line":59,"column":21}},"59":{"start":{"line":60,"column":0},"end":{"line":60,"column":17}},"60":{"start":{"line":61,"column":0},"end":{"line":61,"column":51}},"61":{"start":{"line":62,"column":0},"end":{"line":62,"column":6}},"62":{"start":{"line":63,"column":0},"end":{"line":63,"column":57}},"63":{"start":{"line":64,"column":0},"end":{"line":64,"column":57}},"64":{"start":{"line":65,"column":0},"end":{"line":65,"column":45}},"65":{"start":{"line":66,"column":0},"end":{"line":66,"column":4}},"67":{"start":{"line":68,"column":0},"end":{"line":68,"column":38}},"68":{"start":{"line":69,"column":0},"end":{"line":69,"column":52}},"69":{"start":{"line":70,"column":0},"end":{"line":70,"column":3}},"70":{"start":{"line":71,"column":0},"end":{"line":71,"column":15}},"71":{"start":{"line":72,"column":0},"end":{"line":72,"column":2}},"78":{"start":{"line":79,"column":0},"end":{"line":79,"column":59}},"79":{"start":{"line":80,"column":0},"end":{"line":80,"column":7}},"80":{"start":{"line":81,"column":0},"end":{"line":81,"column":44}},"81":{"start":{"line":82,"column":0},"end":{"line":82,"column":32}},"82":{"start":{"line":83,"column":0},"end":{"line":83,"column":26}},"83":{"start":{"line":84,"column":0},"end":{"line":84,"column":28}},"84":{"start":{"line":85,"column":0},"end":{"line":85,"column":18}},"85":{"start":{"line":86,"column":0},"end":{"line":86,"column":18}},"86":{"start":{"line":87,"column":0},"end":{"line":87,"column":40}},"87":{"start":{"line":88,"column":0},"end":{"line":88,"column":6}},"88":{"start":{"line":89,"column":0},"end":{"line":89,"column":57}},"89":{"start":{"line":90,"column":0},"end":{"line":90,"column":11}},"91":{"start":{"line":92,"column":0},"end":{"line":92,"column":3}},"92":{"start":{"line":93,"column":0},"end":{"line":93,"column":2}}},"s":{"0":1,"16":1,"17":1,"19":1,"20":1,"21":1,"23":1,"24":1,"26":1,"27":0,"29":1,"30":0,"33":0,"34":0,"35":0,"36":0,"37":0,"38":0,"40":0,"41":0,"44":1,"45":0,"46":0,"47":0,"48":0,"50":0,"51":0,"53":0,"54":0,"55":0,"56":0,"57":0,"58":0,"59":0,"60":0,"61":0,"62":0,"63":0,"64":0,"65":0,"67":0,"68":0,"69":0,"70":0,"71":0,"78":1,"79":0,"80":0,"81":0,"82":0,"83":0,"84":0,"85":0,"86":0,"87":0,"88":0,"89":0,"91":0,"92":0},"branchMap":{},"b":{},"fnMap":{"0":{"name":"stateFile","decl":{"start":{"line":27,"column":18},"end":{"line":28,"column":58}},"loc":{"start":{"line":27,"column":18},"end":{"line":28,"column":58}},"line":27},"1":{"name":"isVisibleOnSomeScreen","decl":{"start":{"line":30,"column":30},"end":{"line":42,"column":2}},"loc":{"start":{"line":30,"column":30},"end":{"line":42,"column":2}},"line":30},"2":{"name":"loadWindowState","decl":{"start":{"line":45,"column":31},"end":{"line":72,"column":2}},"loc":{"start":{"line":45,"column":31},"end":{"line":72,"column":2}},"line":45},"3":{"name":"saveWindowState","decl":{"start":{"line":79,"column":31},"end":{"line":93,"column":2}},"loc":{"start":{"line":79,"column":31},"end":{"line":93,"column":2}},"line":79}},"f":{"0":0,"1":0,"2":0,"3":0}}
,"D:\\CodingProjects\\slippi-live-stats-vite\\electron\\worker\\protocol.ts": {"path":"D:\\CodingProjects\\slippi-live-stats-vite\\electron\\worker\\protocol.ts","all":false,"statementMap":{"10":{"start":{"line":11,"column":0},"end":{"line":11,"column":35}}},"s":{"10":1},"branchMap":{},"b":{},"fnMap":{},"f":{}}
,"D:\\CodingProjects\\slippi-live-stats-vite\\electron\\worker\\replayParser.ts": {"path":"D:\\CodingProjects\\slippi-live-stats-vite\\electron\\worker\\replayParser.ts","all":false,"statementMap":{"0":{"start":{"line":1,"column":0},"end":{"line":1,"column":44}},"5":{"start":{"line":6,"column":0},"end":{"line":6,"column":33}},"10":{"start":{"line":11,"column":0},"end":{"line":11,"column":47}},"11":{"start":{"line":12,"column":0},"end":{"line":12,"column":52}},"17":{"start":{"line":18,"column":0},"end":{"line":18,"column":63}},"18":{"start":{"line":19,"column":0},"end":{"line":19,"column":31}},"19":{"start":{"line":20,"column":0},"end":{"line":20,"column":42}},"21":{"start":{"line":22,"column":0},"end":{"line":22,"column":29}},"22":{"start":{"line":23,"column":0},"end":{"line":23,"column":9}},"23":{"start":{"line":24,"column":0},"end":{"line":24,"column":72}},"24":{"start":{"line":25,"column":0},"end":{"line":25,"column":22}},"25":{"start":{"line":26,"column":0},"end":{"line":26,"column":36}},"26":{"start":{"line":27,"column":0},"end":{"line":27,"column":14}},"27":{"start":{"line":28,"column":0},"end":{"line":28,"column":60}},"28":{"start":{"line":29,"column":0},"end":{"line":29,"column":7}},"29":{"start":{"line":30,"column":0},"end":{"line":30,"column":18}},"32":{"start":{"line":33,"column":0},"end":{"line":33,"column":57}},"33":{"start":{"line":34,"column":0},"end":{"line":34,"column":5}},"34":{"start":{"line":35,"column":0},"end":{"line":35,"column":3}},"36":{"start":{"line":37,"column":0},"end":{"line":37,"column":70}},"37":{"start":{"line":38,"column":0},"end":{"line":38,"column":2}},"39":{"start":{"line":40,"column":0},"end":{"line":40,"column":45}},"40":{"start":{"line":41,"column":0},"end":{"line":41,"column":45}},"41":{"start":{"line":42,"column":0},"end":{"line":42,"column":40}},"42":{"start":{"line":43,"column":0},"end":{"line":43,"column":60}},"43":{"start":{"line":44,"column":0},"end":{"line":44,"column":3}},"47":{"start":{"line":48,"column":0},"end":{"line":48,"column":50}}},"s":{"0":1,"5":1,"10":1,"11":1,"17":1,"18":8,"19":8,"21":8,"22":11,"23":11,"24":11,"25":5,"26":11,"27":4,"28":4,"29":11,"32":2,"33":2,"34":11,"36":8,"37":8,"39":1,"40":11,"41":11,"42":8,"43":8,"47":1},"branchMap":{"0":{"type":"branch","line":18,"loc":{"start":{"line":18,"column":19},"end":{"line":38,"column":2}},"locations":[{"start":{"line":18,"column":19},"end":{"line":38,"column":2}}]},"1":{"type":"branch","line":22,"loc":{"start":{"line":22,"column":28},"end":{"line":35,"column":3}},"locations":[{"start":{"line":22,"column":28},"end":{"line":35,"column":3}}]},"2":{"type":"branch","line":25,"loc":{"start":{"line":25,"column":21},"end":{"line":27,"column":13}},"locations":[{"start":{"line":25,"column":21},"end":{"line":27,"column":13}}]},"3":{"type":"branch","line":27,"loc":{"start":{"line":27,"column":6},"end":{"line":29,"column":7}},"locations":[{"start":{"line":27,"column":6},"end":{"line":29,"column":7}}]},"4":{"type":"branch","line":30,"loc":{"start":{"line":30,"column":4},"end":{"line":34,"column":5}},"locations":[{"start":{"line":30,"column":4},"end":{"line":34,"column":5}}]},"5":{"type":"branch","line":40,"loc":{"start":{"line":40,"column":33},"end":{"line":44,"column":3}},"locations":[{"start":{"line":40,"column":33},"end":{"line":44,"column":3}}]},"6":{"type":"branch","line":42,"loc":{"start":{"line":42,"column":6},"end":{"line":42,"column":24}},"locations":[{"start":{"line":42,"column":6},"end":{"line":42,"column":24}}]},"7":{"type":"branch","line":42,"loc":{"start":{"line":42,"column":33},"end":{"line":42,"column":40}},"locations":[{"start":{"line":42,"column":33},"end":{"line":42,"column":40}}]},"8":{"type":"branch","line":42,"loc":{"start":{"line":42,"column":33},"end":{"line":44,"column":3}},"locations":[{"start":{"line":42,"column":33},"end":{"line":44,"column":3}}]}},"b":{"0":[8],"1":[11],"2":[5],"3":[4],"4":[2],"5":[11],"6":[9],"7":[3],"8":[8]},"fnMap":{"0":{"name":"parseBatch","decl":{"start":{"line":18,"column":19},"end":{"line":38,"column":2}},"loc":{"start":{"line":18,"column":19},"end":{"line":38,"column":2}},"line":18}},"f":{"0":8}}
,"D:\\CodingProjects\\slippi-live-stats-vite\\src\\replayParsing.ts": {"path":"D:\\CodingProjects\\slippi-live-stats-vite\\src\\replayParsing.ts","all":false,"statementMap":{"27":{"start":{"line":28,"column":0},"end":{"line":28,"column":50}},"28":{"start":{"line":29,"column":0},"end":{"line":29,"column":48}},"30":{"start":{"line":31,"column":0},"end":{"line":31,"column":10}},"31":{"start":{"line":32,"column":0},"end":{"line":32,"column":25}},"32":{"start":{"line":33,"column":0},"end":{"line":33,"column":25}},"33":{"start":{"line":34,"column":0},"end":{"line":34,"column":25}},"34":{"start":{"line":35,"column":0},"end":{"line":35,"column":28}},"35":{"start":{"line":36,"column":0},"end":{"line":36,"column":38}},"36":{"start":{"line":37,"column":0},"end":{"line":37,"column":25}},"37":{"start":{"line":38,"column":0},"end":{"line":38,"column":73}},"38":{"start":{"line":39,"column":0},"end":{"line":39,"column":5}},"40":{"start":{"line":41,"column":0},"end":{"line":41,"column":2}},"47":{"start":{"line":48,"column":0},"end":{"line":48,"column":73}},"48":{"start":{"line":49,"column":0},"end":{"line":49,"column":61}},"50":{"start":{"line":51,"column":0},"end":{"line":51,"column":51}},"51":{"start":{"line":52,"column":0},"end":{"line":52,"column":34}},"52":{"start":{"line":53,"column":0},"end":{"line":53,"column":29}},"53":{"start":{"line":54,"column":0},"end":{"line":54,"column":34}},"56":{"start":{"line":57,"column":0},"end":{"line":57,"column":33}},"57":{"start":{"line":58,"column":0},"end":{"line":58,"column":27}},"58":{"start":{"line":59,"column":0},"end":{"line":59,"column":77}},"59":{"start":{"line":60,"column":0},"end":{"line":60,"column":27}},"60":{"start":{"line":61,"column":0},"end":{"line":61,"column":77}},"61":{"start":{"line":62,"column":0},"end":{"line":62,"column":44}},"62":{"start":{"line":63,"column":0},"end":{"line":63,"column":50}},"63":{"start":{"line":64,"column":0},"end":{"line":64,"column":51}},"64":{"start":{"line":65,"column":0},"end":{"line":65,"column":50}},"65":{"start":{"line":66,"column":0},"end":{"line":66,"column":5}},"66":{"start":{"line":67,"column":0},"end":{"line":67,"column":3}},"67":{"start":{"line":68,"column":0},"end":{"line":68,"column":17}},"68":{"start":{"line":69,"column":0},"end":{"line":69,"column":2}},"72":{"start":{"line":73,"column":0},"end":{"line":73,"column":34}},"73":{"start":{"line":74,"column":0},"end":{"line":74,"column":19}},"74":{"start":{"line":75,"column":0},"end":{"line":75,"column":23}},"75":{"start":{"line":76,"column":0},"end":{"line":76,"column":19}},"76":{"start":{"line":77,"column":0},"end":{"line":77,"column":38}},"77":{"start":{"line":78,"column":0},"end":{"line":78,"column":38}},"79":{"start":{"line":80,"column":0},"end":{"line":80,"column":67}},"80":{"start":{"line":81,"column":0},"end":{"line":81,"column":58}},"81":{"start":{"line":82,"column":0},"end":{"line":82,"column":3}},"82":{"start":{"line":83,"column":0},"end":{"line":83,"column":49}},"83":{"start":{"line":84,"column":0},"end":{"line":84,"column":67}},"84":{"start":{"line":85,"column":0},"end":{"line":85,"column":3}},"85":{"start":{"line":86,"column":0},"end":{"line":86,"column":60}},"86":{"start":{"line":87,"column":0},"end":{"line":87,"column":46}},"87":{"start":{"line":88,"column":0},"end":{"line":88,"column":3}},"90":{"start":{"line":91,"column":0},"end":{"line":91,"column":37}},"91":{"start":{"line":92,"column":0},"end":{"line":92,"column":29}},"92":{"start":{"line":93,"column":0},"end":{"line":93,"column":46}},"93":{"start":{"line":94,"column":0},"end":{"line":94,"column":3}},"95":{"start":{"line":96,"column":0},"end":{"line":96,"column":35}},"96":{"start":{"line":97,"column":0},"end":{"line":97,"column":16}},"97":{"start":{"line":98,"column":0},"end":{"line":98,"column":40}},"98":{"start":{"line":99,"column":0},"end":{"line":99,"column":44}},"99":{"start":{"line":100,"column":0},"end":{"line":100,"column":9}},"100":{"start":{"line":101,"column":0},"end":{"line":101,"column":9}},"101":{"start":{"line":102,"column":0},"end":{"line":102,"column":40}},"102":{"start":{"line":103,"column":0},"end":{"line":103,"column":47}},"103":{"start":{"line":104,"column":0},"end":{"line":104,"column":9}},"104":{"start":{"line":105,"column":0},"end":{"line":105,"column":18}},"105":{"start":{"line":106,"column":0},"end":{"line":106,"column":40}},"106":{"start":{"line":107,"column":0},"end":{"line":107,"column":55}},"107":{"start":{"line":108,"column":0},"end":{"line":108,"column":17}},"108":{"start":{"line":109,"column":0},"end":{"line":109,"column":4}},"110":{"start":{"line":111,"column":0},"end":{"line":111,"column":35}},"111":{"start":{"line":112,"column":0},"end":{"line":112,"column":16}},"112":{"start":{"line":113,"column":0},"end":{"line":113,"column":40}},"113":{"start":{"line":114,"column":0},"end":{"line":114,"column":44}},"114":{"start":{"line":115,"column":0},"end":{"line":115,"column":9}},"115":{"start":{"line":116,"column":0},"end":{"line":116,"column":9}},"116":{"start":{"line":117,"column":0},"end":{"line":117,"column":40}},"117":{"start":{"line":118,"column":0},"end":{"line":118,"column":47}},"118":{"start":{"line":119,"column":0},"end":{"line":119,"column":9}},"119":{"start":{"line":120,"column":0},"end":{"line":120,"column":18}},"120":{"start":{"line":121,"column":0},"end":{"line":121,"column":40}},"121":{"start":{"line":122,"column":0},"end":{"line":122,"column":55}},"122":{"start":{"line":123,"column":0},"end":{"line":123,"column":17}},"123":{"start":{"line":124,"column":0},"end":{"line":124,"column":4}},"125":{"start":{"line":126,"column":0},"end":{"line":126,"column":35}},"126":{"start":{"line":127,"column":0},"end":{"line":127,"column":45}},"127":{"start":{"line":128,"column":0},"end":{"line":128,"column":20}},"128":{"start":{"line":129,"column":0},"end":{"line":129,"column":70}},"132":{"start":{"line":133,"column":0},"end":{"line":133,"column":52}},"134":{"start":{"line":135,"column":0},"end":{"line":135,"column":26}},"135":{"start":{"line":136,"column":0},"end":{"line":136,"column":20}},"136":{"start":{"line":137,"column":0},"end":{"line":137,"column":20}},"137":{"start":{"line":138,"column":0},"end":{"line":138,"column":27}},"138":{"start":{"line":139,"column":0},"end":{"line":139,"column":36}},"139":{"start":{"line":140,"column":0},"end":{"line":140,"column":34}},"140":{"start":{"line":141,"column":0},"end":{"line":141,"column":39}},"141":{"start":{"line":142,"column":0},"end":{"line":142,"column":33}},"142":{"start":{"line":143,"column":0},"end":{"line":143,"column":12}},"143":{"start":{"line":144,"column":0},"end":{"line":144,"column":55}},"144":{"start":{"line":145,"column":0},"end":{"line":145,"column":42}},"145":{"start":{"line":146,"column":0},"end":{"line":146,"column":4}},"147":{"start":{"line":148,"column":0},"end":{"line":148,"column":31}},"148":{"start":{"line":149,"column":0},"end":{"line":149,"column":51}},"149":{"start":{"line":150,"column":0},"end":{"line":150,"column":3}},"151":{"start":{"line":152,"column":0},"end":{"line":152,"column":30}},"152":{"start":{"line":153,"column":0},"end":{"line":153,"column":2}}},"s":{"27":1,"28":34,"30":32,"31":32,"32":31,"33":30,"34":29,"35":28,"36":27,"37":27,"38":27,"40":34,"47":1,"48":27,"50":1,"51":26,"52":26,"53":16,"56":16,"57":16,"58":16,"59":16,"60":16,"61":16,"62":3,"63":16,"64":12,"65":12,"66":16,"67":26,"68":26,"72":1,"73":31,"74":31,"75":31,"76":31,"77":31,"79":31,"80":1,"81":1,"82":31,"83":0,"84":0,"85":31,"86":6,"87":6,"90":22,"91":31,"92":0,"93":0,"95":22,"96":22,"97":22,"98":6,"99":0,"100":31,"101":31,"102":6,"103":0,"104":31,"105":31,"106":0,"107":31,"108":31,"110":31,"111":31,"112":31,"113":6,"114":0,"115":31,"116":31,"117":6,"118":0,"119":31,"120":31,"121":0,"122":31,"123":31,"125":31,"126":31,"127":31,"128":31,"132":31,"134":31,"135":31,"136":31,"137":31,"138":31,"139":31,"140":31,"141":31,"142":31,"143":31,"144":31,"145":31,"147":31,"148":0,"149":0,"151":22,"152":22},"branchMap":{"0":{"type":"branch","line":28,"loc":{"start":{"line":28,"column":29},"end":{"line":41,"column":2}},"locations":[{"start":{"line":28,"column":29},"end":{"line":41,"column":2}}]},"1":{"type":"branch","line":29,"loc":{"start":{"line":29,"column":35},"end":{"line":29,"column":48}},"locations":[{"start":{"line":29,"column":35},"end":{"line":29,"column":48}}]},"2":{"type":"branch","line":29,"loc":{"start":{"line":29,"column":42},"end":{"line":32,"column":25}},"locations":[{"start":{"line":29,"column":42},"end":{"line":32,"column":25}}]},"3":{"type":"branch","line":32,"loc":{"start":{"line":32,"column":20},"end":{"line":33,"column":25}},"locations":[{"start":{"line":32,"column":20},"end":{"line":33,"column":25}}]},"4":{"type":"branch","line":33,"loc":{"start":{"line":33,"column":20},"end":{"line":34,"column":25}},"locations":[{"start":{"line":33,"column":20},"end":{"line":34,"column":25}}]},"5":{"type":"branch","line":34,"loc":{"start":{"line":34,"column":20},"end":{"line":35,"column":28}},"locations":[{"start":{"line":34,"column":20},"end":{"line":35,"column":28}}]},"6":{"type":"branch","line":35,"loc":{"start":{"line":35,"column":23},"end":{"line":36,"column":38}},"locations":[{"start":{"line":35,"column":23},"end":{"line":36,"column":38}}]},"7":{"type":"branch","line":36,"loc":{"start":{"line":36,"column":33},"end":{"line":39,"column":5}},"locations":[{"start":{"line":36,"column":33},"end":{"line":39,"column":5}}]},"8":{"type":"branch","line":38,"loc":{"start":{"line":38,"column":6},"end":{"line":38,"column":73}},"locations":[{"start":{"line":38,"column":6},"end":{"line":38,"column":73}}]},"9":{"type":"branch","line":38,"loc":{"start":{"line":38,"column":41},"end":{"line":38,"column":73}},"locations":[{"start":{"line":38,"column":41},"end":{"line":38,"column":73}}]},"10":{"type":"branch","line":48,"loc":{"start":{"line":48,"column":29},"end":{"line":49,"column":61}},"locations":[{"start":{"line":48,"column":29},"end":{"line":49,"column":61}}]},"11":{"type":"branch","line":49,"loc":{"start":{"line":49,"column":2},"end":{"line":49,"column":22}},"locations":[{"start":{"line":49,"column":2},"end":{"line":49,"column":22}}]},"12":{"type":"branch","line":49,"loc":{"start":{"line":49,"column":35},"end":{"line":49,"column":50}},"locations":[{"start":{"line":49,"column":35},"end":{"line":49,"column":50}}]},"13":{"type":"branch","line":49,"loc":{"start":{"line":49,"column":39},"end":{"line":49,"column":61}},"locations":[{"start":{"line":49,"column":39},"end":{"line":49,"column":61}}]},"14":{"type":"branch","line":51,"loc":{"start":{"line":51,"column":28},"end":{"line":69,"column":2}},"locations":[{"start":{"line":51,"column":28},"end":{"line":69,"column":2}}]},"15":{"type":"branch","line":53,"loc":{"start":{"line":53,"column":28},"end":{"line":67,"column":3}},"locations":[{"start":{"line":53,"column":28},"end":{"line":67,"column":3}}]},"16":{"type":"branch","line":59,"loc":{"start":{"line":59,"column":65},"end":{"line":59,"column":77}},"locations":[{"start":{"line":59,"column":65},"end":{"line":59,"column":77}}]},"17":{"type":"branch","line":61,"loc":{"start":{"line":61,"column":65},"end":{"line":61,"column":77}},"locations":[{"start":{"line":61,"column":65},"end":{"line":61,"column":77}}]},"18":{"type":"branch","line":62,"loc":{"start":{"line":62,"column":43},"end":{"line":64,"column":15}},"locations":[{"start":{"line":62,"column":43},"end":{"line":64,"column":15}}]},"19":{"type":"branch","line":64,"loc":{"start":{"line":64,"column":4},"end":{"line":66,"column":5}},"locations":[{"start":{"line":64,"column":4},"end":{"line":66,"column":5}}]},"20":{"type":"branch","line":64,"loc":{"start":{"line":64,"column":50},"end":{"line":66,"column":5}},"locations":[{"start":{"line":64,"column":50},"end":{"line":66,"column":5}}]},"21":{"type":"branch","line":59,"loc":{"start":{"line":59,"column":21},"end":{"line":59,"column":63}},"locations":[{"start":{"line":59,"column":21},"end":{"line":59,"column":63}}]},"22":{"type":"branch","line":59,"loc":{"start":{"line":59,"column":46},"end":{"line":59,"column":63}},"locations":[{"start":{"line":59,"column":46},"end":{"line":59,"column":63}}]},"23":{"type":"branch","line":61,"loc":{"start":{"line":61,"column":21},"end":{"line":61,"column":63}},"locations":[{"start":{"line":61,"column":21},"end":{"line":61,"column":63}}]},"24":{"type":"branch","line":61,"loc":{"start":{"line":61,"column":46},"end":{"line":61,"column":63}},"locations":[{"start":{"line":61,"column":46},"end":{"line":61,"column":63}}]},"25":{"type":"branch","line":73,"loc":{"start":{"line":73,"column":33},"end":{"line":153,"column":2}},"locations":[{"start":{"line":73,"column":33},"end":{"line":153,"column":2}}]},"26":{"type":"branch","line":80,"loc":{"start":{"line":80,"column":6},"end":{"line":80,"column":24}},"locations":[{"start":{"line":80,"column":6},"end":{"line":80,"column":24}}]},"27":{"type":"branch","line":80,"loc":{"start":{"line":80,"column":66},"end":{"line":82,"column":3}},"locations":[{"start":{"line":80,"column":66},"end":{"line":82,"column":3}}]},"28":{"type":"branch","line":82,"loc":{"start":{"line":82,"column":2},"end":{"line":83,"column":28}},"locations":[{"start":{"line":82,"column":2},"end":{"line":83,"column":28}}]},"29":{"type":"branch","line":83,"loc":{"start":{"line":83,"column":17},"end":{"line":83,"column":48}},"locations":[{"start":{"line":83,"column":17},"end":{"line":83,"column":48}}]},"30":{"type":"branch","line":83,"loc":{"start":{"line":83,"column":48},"end":{"line":85,"column":3}},"locations":[{"start":{"line":83,"column":48},"end":{"line":85,"column":3}}]},"31":{"type":"branch","line":85,"loc":{"start":{"line":85,"column":2},"end":{"line":86,"column":59}},"locations":[{"start":{"line":85,"column":2},"end":{"line":86,"column":59}}]},"32":{"type":"branch","line":86,"loc":{"start":{"line":86,"column":59},"end":{"line":88,"column":3}},"locations":[{"start":{"line":86,"column":59},"end":{"line":88,"column":3}}]},"33":{"type":"branch","line":88,"loc":{"start":{"line":88,"column":2},"end":{"line":92,"column":28}},"locations":[{"start":{"line":88,"column":2},"end":{"line":92,"column":28}}]},"34":{"type":"branch","line":92,"loc":{"start":{"line":92,"column":28},"end":{"line":94,"column":3}},"locations":[{"start":{"line":92,"column":28},"end":{"line":94,"column":3}}]},"35":{"type":"branch","line":94,"loc":{"start":{"line":94,"column":2},"end":{"line":98,"column":40}},"locations":[{"start":{"line":94,"column":2},"end":{"line":98,"column":40}}]},"36":{"type":"branch","line":98,"loc":{"start":{"line":98,"column":26},"end":{"line":99,"column":44}},"locations":[{"start":{"line":98,"column":26},"end":{"line":99,"column":44}}]},"37":{"type":"branch","line":99,"loc":{"start":{"line":99,"column":37},"end":{"line":100,"column":9}},"locations":[{"start":{"line":99,"column":37},"end":{"line":100,"column":9}}]},"38":{"type":"branch","line":102,"loc":{"start":{"line":102,"column":26},"end":{"line":103,"column":47}},"locations":[{"start":{"line":102,"column":26},"end":{"line":103,"column":47}}]},"39":{"type":"branch","line":103,"loc":{"start":{"line":103,"column":37},"end":{"line":104,"column":9}},"locations":[{"start":{"line":103,"column":37},"end":{"line":104,"column":9}}]},"40":{"type":"branch","line":106,"loc":{"start":{"line":106,"column":26},"end":{"line":107,"column":55}},"locations":[{"start":{"line":106,"column":26},"end":{"line":107,"column":55}}]},"41":{"type":"branch","line":113,"loc":{"start":{"line":113,"column":26},"end":{"line":114,"column":44}},"locations":[{"start":{"line":113,"column":26},"end":{"line":114,"column":44}}]},"42":{"type":"branch","line":114,"loc":{"start":{"line":114,"column":37},"end":{"line":115,"column":9}},"locations":[{"start":{"line":114,"column":37},"end":{"line":115,"column":9}}]},"43":{"type":"branch","line":117,"loc":{"start":{"line":117,"column":26},"end":{"line":118,"column":47}},"locations":[{"start":{"line":117,"column":26},"end":{"line":118,"column":47}}]},"44":{"type":"branch","line":118,"loc":{"start":{"line":118,"column":37},"end":{"line":119,"column":9}},"locations":[{"start":{"line":118,"column":37},"end":{"line":119,"column":9}}]},"45":{"type":"branch","line":121,"loc":{"start":{"line":121,"column":26},"end":{"line":122,"column":55}},"locations":[{"start":{"line":121,"column":26},"end":{"line":122,"column":55}}]},"46":{"type":"branc
[...]
umn":0},"end":{"line":261,"column":14}},"163":{"start":{"line":262,"column":0},"end":{"line":262,"column":46}},"164":{"start":{"line":263,"column":0},"end":{"line":263,"column":6}},"165":{"start":{"line":269,"column":0},"end":{"line":269,"column":68}},"166":{"start":{"line":270,"column":0},"end":{"line":270,"column":72}},"167":{"start":{"line":273,"column":0},"end":{"line":273,"column":42}},"168":{"start":{"line":274,"column":0},"end":{"line":274,"column":23}},"169":{"start":{"line":275,"column":0},"end":{"line":275,"column":39}},"170":{"start":{"line":276,"column":0},"end":{"line":276,"column":26}},"171":{"start":{"line":277,"column":0},"end":{"line":277,"column":6}},"172":{"start":{"line":278,"column":0},"end":{"line":278,"column":48}},"173":{"start":{"line":279,"column":0},"end":{"line":279,"column":61}},"174":{"start":{"line":280,"column":0},"end":{"line":280,"column":4}},"175":{"start":{"line":281,"column":0},"end":{"line":281,"column":50}},"176":{"start":{"line":282,"column":0},"end":{"line":282,"column":61}},"177":{"start":{"line":283,"column":0},"end":{"line":283,"column":4}},"178":{"start":{"line":284,"column":0},"end":{"line":284,"column":40}},"179":{"start":{"line":286,"column":0},"end":{"line":286,"column":74}},"180":{"start":{"line":287,"column":0},"end":{"line":287,"column":34}},"181":{"start":{"line":291,"column":0},"end":{"line":291,"column":51}},"182":{"start":{"line":292,"column":0},"end":{"line":292,"column":55}},"183":{"start":{"line":293,"column":0},"end":{"line":293,"column":53}},"184":{"start":{"line":294,"column":0},"end":{"line":294,"column":23}},"185":{"start":{"line":295,"column":0},"end":{"line":295,"column":30}},"186":{"start":{"line":296,"column":0},"end":{"line":296,"column":78}},"187":{"start":{"line":297,"column":0},"end":{"line":297,"column":6}},"188":{"start":{"line":298,"column":0},"end":{"line":298,"column":27}},"189":{"start":{"line":299,"column":0},"end":{"line":299,"column":34}},"190":{"start":{"line":300,"column":0},"end":{"line":300,"column":66}},"191":{"start":{"line":301,"column":0},"end":{"line":301,"column":27}},"192":{"start":{"line":302,"column":0},"end":{"line":302,"column":6}},"193":{"start":{"line":303,"column":0},"end":{"line":303,"column":3}},"194":{"start":{"line":305,"column":0},"end":{"line":305,"column":59}},"195":{"start":{"line":306,"column":0},"end":{"line":306,"column":10}},"196":{"start":{"line":307,"column":0},"end":{"line":307,"column":18}},"197":{"start":{"line":308,"column":0},"end":{"line":308,"column":72}},"198":{"start":{"line":309,"column":0},"end":{"line":309,"column":80}},"199":{"start":{"line":310,"column":0},"end":{"line":310,"column":4}},"200":{"start":{"line":311,"column":0},"end":{"line":311,"column":2}}},"s":{"0":2,"1":2,"2":6137,"3":6137,"4":6137,"5":6137,"6":6137,"7":6137,"8":2,"9":205,"10":205,"11":205,"12":205,"13":205,"14":205,"15":2,"16":86,"17":86,"18":86,"19":86,"20":2,"21":17250,"22":17250,"23":17250,"24":17250,"25":17250,"26":17250,"27":2,"28":13800,"29":13800,"30":13800,"31":13800,"32":13800,"33":13800,"34":13800,"35":13800,"36":5922,"37":5922,"38":5922,"39":13800,"40":13800,"41":2,"42":3450,"43":3450,"44":3450,"45":3450,"46":3450,"47":3450,"48":3450,"49":3450,"50":3450,"51":3450,"52":3450,"53":3450,"54":3450,"55":3450,"56":3450,"57":3450,"58":3450,"59":3450,"60":3450,"61":46989,"62":6990,"63":3450,"64":3450,"65":3450,"66":3450,"67":3450,"68":3450,"69":3450,"70":88855,"71":12754,"72":1923,"73":3450,"74":3047,"75":3047,"76":3047,"77":3047,"78":3047,"79":3450,"80":3450,"81":3450,"82":3450,"83":2,"84":1725,"85":240,"86":240,"87":2,"88":1725,"89":1725,"90":1,"91":1,"92":1725,"93":1565,"94":1565,"95":1725,"96":2,"97":1911,"98":1911,"99":1911,"100":1911,"101":1911,"102":1911,"103":1911,"104":1911,"105":1911,"106":1725,"107":1725,"108":1725,"109":1725,"110":1911,"111":1911,"112":1911,"113":1911,"114":1911,"115":1911,"116":1911,"117":119,"118":119,"119":119,"120":119,"121":119,"122":119,"123":119,"124":119,"125":119,"126":119,"127":1725,"128":1725,"129":1725,"130":1725,"131":1725,"132":2,"133":69,"134":69,"135":69,"136":69,"137":69,"138":1205,"139":1205,"140":69,"141":69,"142":2,"143":8,"144":8,"145":0,"146":8,"147":8,"148":8,"149":2,"150":2,"151":2,"152":2,"153":2,"154":2,"155":2,"156":2,"157":2,"158":32,"159":32,"160":32,"161":37,"162":37,"163":37,"164":32,"165":2,"166":26,"167":2,"168":30,"169":30,"170":30,"171":30,"172":30,"173":30,"174":30,"175":30,"176":30,"177":30,"178":30,"179":28,"180":30,"181":16,"182":16,"183":24,"184":21,"185":21,"186":21,"187":21,"188":21,"189":21,"190":21,"191":21,"192":21,"193":21,"194":16,"195":16,"196":16,"197":16,"198":16,"199":16,"200":16},"branchMap":{"0":{"type":"branch","line":16,"loc":{"start":{"line":16,"column":24},"end":{"line":22,"column":3}},"locations":[{"start":{"line":16,"column":24},"end":{"line":22,"column":3}}]},"1":{"type":"branch","line":24,"loc":{"start":{"line":24,"column":25},"end":{"line":30,"column":3}},"locations":[{"start":{"line":24,"column":25},"end":{"line":30,"column":3}}]},"2":{"type":"branch","line":32,"loc":{"start":{"line":32,"column":36},"end":{"line":36,"column":3}},"locations":[{"start":{"line":32,"column":36},"end":{"line":36,"column":3}}]},"3":{"type":"branch","line":42,"loc":{"start":{"line":42,"column":18},"end":{"line":48,"column":2}},"locations":[{"start":{"line":42,"column":18},"end":{"line":48,"column":2}}]},"4":{"type":"branch","line":44,"loc":{"start":{"line":44,"column":19},"end":{"line":44,"column":31}},"locations":[{"start":{"line":44,"column":19},"end":{"line":44,"column":31}}]},"5":{"type":"branch","line":44,"loc":{"start":{"line":44,"column":27},"end":{"line":44,"column":33}},"locations":[{"start":{"line":44,"column":27},"end":{"line":44,"column":33}}]},"6":{"type":"branch","line":45,"loc":{"start":{"line":45,"column":20},"end":{"line":45,"column":32}},"locations":[{"start":{"line":45,"column":20},"end":{"line":45,"column":32}}]},"7":{"type":"branch","line":45,"loc":{"start":{"line":45,"column":28},"end":{"line":45,"column":34}},"locations":[{"start":{"line":45,"column":28},"end":{"line":45,"column":34}}]},"8":{"type":"branch","line":55,"loc":{"start":{"line":55,"column":23},"end":{"line":68,"column":2}},"locations":[{"start":{"line":55,"column":23},"end":{"line":68,"column":2}}]},"9":{"type":"branch","line":63,"loc":{"start":{"line":63,"column":12},"end":{"line":66,"column":3}},"locations":[{"start":{"line":63,"column":12},"end":{"line":66,"column":3}}]},"10":{"type":"branch","line":81,"loc":{"start":{"line":81,"column":25},"end":{"line":127,"column":2}},"locations":[{"start":{"line":81,"column":25},"end":{"line":127,"column":2}}]},"11":{"type":"branch","line":88,"loc":{"start":{"line":88,"column":4},"end":{"line":88,"column":31}},"locations":[{"start":{"line":88,"column":4},"end":{"line":88,"column":31}}]},"12":{"type":"branch","line":89,"loc":{"start":{"line":89,"column":4},"end":{"line":89,"column":43}},"locations":[{"start":{"line":89,"column":4},"end":{"line":89,"column":43}}]},"13":{"type":"branch","line":96,"loc":{"start":{"line":96,"column":4},"end":{"line":96,"column":37}},"locations":[{"start":{"line":96,"column":4},"end":{"line":96,"column":37}}]},"14":{"type":"branch","line":97,"loc":{"start":{"line":97,"column":4},"end":{"line":97,"column":46}},"locations":[{"start":{"line":97,"column":4},"end":{"line":97,"column":46}}]},"15":{"type":"branch","line":104,"loc":{"start":{"line":104,"column":4},"end":{"line":106,"column":54}},"locations":[{"start":{"line":104,"column":4},"end":{"line":106,"column":54}}]},"16":{"type":"branch","line":105,"loc":{"start":{"line":105,"column":30},"end":{"line":106,"column":54}},"locations":[{"start":{"line":105,"column":30},"end":{"line":106,"column":54}}]},"17":{"type":"branch","line":107,"loc":{"start":{"line":107,"column":4},"end":{"line":107,"column":75}},"locations":[{"start":{"line":107,"column":4},"end":{"line":107,"column":75}}]},"18":{"type":"branch","line":114,"loc":{"start":{"line":114,"column":4},"end":{"line":117,"column":30}},"locations":[{"start":{"line":114,"column":4},"end":{"line":117,"column":30}}]},"19":{"type":"branch","line":115,"loc":{"start":{"line":115,"column":30},"end":{"line":116,"column":56}},"locations":[{"start":{"line":115,"column":30},"end":{"line":116,"column":56}}]},"20":{"type":"branch","line":116,"loc":{"start":{"line":116,"column":34},"end":{"line":117,"column":30}},"locations":[{"start":{"line":116,"column":34},"end":{"line":117,"column":30}}]},"21":{"type":"branch","line":118,"loc":{"start":{"line":118,"column":4},"end":{"line":123,"column":7}},"locations":[{"start":{"line":118,"column":4},"end":{"line":123,"column":7}}]},"22":{"type":"branch","line":134,"loc":{"start":{"line":134,"column":21},"end":{"line":137,"column":2}},"locations":[{"start":{"line":134,"column":21},"end":{"line":137,"column":2}}]},"23":{"type":"branch","line":135,"loc":{"start":{"line":135,"column":56},"end":{"line":135,"column":63}},"locations":[{"start":{"line":135,"column":56},"end":{"line":135,"column":63}}]},"24":{"type":"branch","line":135,"loc":{"start":{"line":135,"column":56},"end":{"line":137,"column":2}},"locations":[{"start":{"line":135,"column":56},"end":{"line":137,"column":2}}]},"25":{"type":"branch","line":139,"loc":{"start":{"line":139,"column":24},"end":{"line":147,"column":2}},"locations":[{"start":{"line":139,"column":24},"end":{"line":147,"column":2}}]},"26":{"type":"branch","line":141,"loc":{"start":{"line":141,"column":69},"end":{"line":143,"column":3}},"locations":[{"start":{"line":141,"column":69},"end":{"line":143,"column":3}}]},"27":{"type":"branch","line":144,"loc":{"start":{"line":144,"column":68},"end":{"line":146,"column":3}},"locations":[{"start":{"line":144,"column":68},"end":{"line":146,"column":3}}]},"28":{"type":"branch","line":159,"loc":{"start":{"line":159,"column":34},"end":{"line":203,"column":2}},"locations":[{"start":{"line":159,"column":34},"end":{"line":203,"column":2}}]},"29":{"type":"branch","line":168,"loc":{"start":{"line":168,"column":37},"end":{"line":168,"column":54}},"locations":[{"start":{"line":168,"column":37},"end":{"line":168,"column":54}}]},"30":{"type":"branch","line":176,"loc":{"start":{"line":176,"column":17},"end":{"line":176,"column":36}},"locations":[{"start":{"line":176,"column":17},"end":{"line":176,"column":36}}]},"31":{"type":"branch","line":177,"loc":{"start":{"line":177,"column":19},"end":{"line":177,"column":34}},"locations":[{"start":{"line":177,"column":19},"end":{"line":177,"column":34}}]},"32":{"type":"branch","line":184,"loc":{"start":{"line":184,"column":22},"end":{"line":196,"column":3}},"locations":[{"start":{"line":184,"column":22},"end":{"line":196,"column":3}}]},"33":{"type":"branch","line":164,"loc":{"start":{"line":164,"column":36},"end":{"line":164,"column":76}},"locations":[{"start":{"line":164,"column":36},"end":{"line":164,"column":76}}]},"34":{"type":"branch","line":166,"loc":{"start":{"line":166,"column":4},"end":{"line":166,"column":45}},"locations":[{"start":{"line":166,"column":4},"end":{"line":166,"column":45}}]},"35":{"type":"branch","line":213,"loc":{"start":{"line":213,"column":26},"end":{"line":222,"column":2}},"locations":[{"start":{"line":213,"column":26},"end":{"line":222,"column":2}}]},"36":{"type":"branch","line":218,"loc":{"start":{"line":218,"column":32},"end":{"line":220,"column":3}},"locations":[{"start":{"line":218,"column":32},"end":{"line":220,"column":3}}]},"37":{"type":"branch","line":255,"loc":{"start":{"line":255,"column":26},"end":{"line":263,"column":6}},"locations":[{"start":{"line":255,"column":26},"end":{"line":263,"column":6}}]},"38":{"type":"branch","line":259,"loc":{"start":{"line":259,"column":25},"end":{"line":263,"column":4}},"locations":[{"start":{"line":259,"column":25},"end":{"line":263,"column":4}}]},"39":{"type":"branch","line":269,"loc":{"start":{"line":269,"column":27},"end":{"line":270,"column":72}},"locations":[{"start":{"line":269,"column":27},"end":{"line":270,"column":72}}]},"40":{"type":"branch","line":270,"loc":{"start":{"line":270,"column":49},"end":{"line":270,"column":72}},"locations":[{"start":{"line":270,"column":49},"end":{"line":270,"column":72}}]},"41":{"type":"branch","line":270,"loc":{"start":{"line":270,"column":23},"end":{"line":270,"column":49}},"locations":[{"start":{"line":270,"column":23},"end":{"line":270,"column":49}}]},"42":{"type":"branch","line":273,"loc":{"start":{"line":273,"column":41},"end":{"line":311,"column":2}},"locations":[{"start":{"line":273,"column":41},"end":{"line":311,"column":2}}]},"43":{"type":"branch","line":284,"loc":{"start":{"line":284,"column":28},"end":{"line":284,"column":40}},"locations":[{"start":{"line":284,"column":28},"end":{"line":284,"column":40}}]},"44":{"type":"branch","line":287,"loc":{"start":{"line":287,"column":22},"end":{"line":287,"column":34}},"locations":[{"start":{"line":287,"column":22},"end":{"line":287,"column":34}}]},"45":{"type":"branch","line":287,"loc":{"start":{"line":287,"column":29},"end":{"line":293,"column":52}},"locations":[{"start":{"line":287,"column":29},"end":{"line":293,"column":52}}]},"46":{"type":"branch","line":293,"loc":{"start":{"line":293,"column":52},"end":{"line":303,"column":3}},"locations":[{"start":{"line":293,"column":52},"end":{"line":303,"column":3}}]},"47":{"type":"branch","line":300,"loc":{"start":{"line":300,"column":57},"end":{"line":300,"column":66}},"locations":[{"start":{"line":300,"column":57},"end":{"line":300,"column":66}}]},"48":{"type":"branch","line":303,"loc":{"start":{"line":303,"column":2},"end":{"line":311,"column":2}},"locations":[{"start":{"line":303,"column":2},"end":{"line":311,"column":2}}]},"49":{"type":"branch","line":279,"loc":{"start":{"line":279,"column":4},"end":{"line":279,"column":61}},"locations":[{"start":{"line":279,"column":4},"end":{"line":279,"column":61}}]},"50":{"type":"branch","line":282,"loc":{"start":{"line":282,"column":4},"end":{"line":282,"column":61}},"locations":[{"start":{"line":282,"column":4},"end":{"line":282,"column":61}}]},"51":{"type":"branch","line":135,"loc":{"start":{"line":135,"column":7},"end":{"line":135,"column":56}},"locations":[{"start":{"line":135,"column":7},"end":{"line":135,"column":56}}]},"52":{"type":"branch","line":164,"loc":{"start":{"line":164,"column":15},"end":{"line":164,"column":31}},"locations":[{"start":{"line":164,"column":15},"end":{"line":164,"column":31}}]},"53":{"type":"branch","line":165,"loc":{"start":{"line":165,"column":19},"end":{"line":165,"column":35}},"locations":[{"start":{"line":165,"column":19},"end":{"line":165,"column":35}}]},"54":{"type":"branch","line":168,"loc":{"start":{"line":168,"column":7},"end":{"line":168,"column":26}},"locations":[{"start":{"line":168,"column":7},"end":{"line":168,"column":26}}]},"55":{"type":"branch","line":168,"loc":{"start":{"line":168,"column":18},"end":{"line":168,"column":37}},"locations":[{"start":{"line":168,"column":18},"end":{"line":168,"column":37}}]},"56":{"type":"branch","line":168,"loc":{"start":{"line":168,"column":44},"end":{"line":176,"column":25}},"locations":[{"start":{"line":168,"column":44},"end":{"line":176,"column":25}}]},"57":{"type":"branch","line":196,"loc":{"start":{"line":196,"column":2},"end":{"line":203,"column":2}},"locations":[{"start":{"line":196,"column":2},"end":{"line":203,"column":2}}]},"58":{"type":"branch","line":228,"loc":{"start":{"line":228,"column":24},"end":{"line":234,"column":2}},"locations":[{"start":{"line":228,"column":24},"end":{"line":234,"column":2}}]},"59":{"type":"branch","line":242,"loc":{"start":{"line":242,"column":37},"end":{"line":249,"column":2}},"locations":[{"start":{"line":242,"column":37},"end":{"line":249,"column":2}}]},"60":{"type":"branch","line":284,"loc":{"start":{"line":284,"column":7},"end":{"line":284,"column":28}},"locations":[{"start":{"line":284,"column":7},"end":{"line":284,"column":28}}]},"61":{"type":"branch","line":284,"loc":{"start":{"line":284,"column":35},"end":{"line":287,"column":29}},"locations":[{"start":{"line":284,"column":35},"end":{"line":287,"column":29}}]},"62":{"type":"branch","line":287,"loc":{"start":{"line":287,"column":29},"end":{"line":311,"column":2}},"locations":[{"start":{"line":287,"column":29},"end":{"line":311,"column":2}}]},"63":{"type":"branch","line":296,"loc":{"start":{"line":296,"column":49},"end":{"line":296,"column":59}},"locations":[{"start":{"line":296,"column":49},"end":{"line":296,"column":59}}]}},"b":{"0":[6137],"1":[205],"2":[86],"3":[17250],"4":[9040],"5":[8210],"6":[9040],"7":[8210],"8":[13800],"9":[5922],"10":[3450],"11":[4671],"12":[264],"13":[10697],"14":[565],"15":[46989],"16":[6990],"17":[2046],"18":[88855],"19":[12754],"20":[1923],"21":[3047],"22":[1725],"23":[1485],"24":[240],"25":[1725],"26":[1],"27":[1565],"28":[1911],"29":[186],"30":[1],"31":[0],"32":[119],"33":[2097],"34":[3632],"35":[69],"36":[1205],"37":[32],"38":[37],"39":[26],"40":[10],"41":[29],"42":[30],"43":[2],"44":[12],"45":[16],"46":[21],"47":[17],"48":[16],"49":[31],"50":[59],"51":[1301],"52":[1910],"53":[1910],"54":[1910],"55":[1727],"56":[1725],"57":[1725],"58":[8],"59":[2],"60":[29],"61":[28],"62":[24],"63":[20]},"fnMap":{"0":{"name":"createEmptyStat","decl":{"start":{"line":16,"column":24},"end":{"line":22,"column":3}},"loc":{"start":{"line":16,"column":24},"end":{"line":22,"column":3}},"line":16},"1":{"name":"createEmptyStats","decl":{"start":{"line":24,"column":25},"end":{"line":30,"column":3}},"loc":{"start":{"line":24,"column":25},"end":{"line":30,"column":3}},"line":24},"2":{"name":"createEmptyFullStats","decl":{"start":{"line":32,"column":36},"end":{"line":36,"column":3}},"loc":{"start":{"line":32,"column":36},"end":{"line":36,"column":3}},"line":32},"3":{"name":"countGame","decl":{"start":{"line":42,"column":18},"end":{"line":48,"column":2}},"loc":{"start":{"line":42,"column":18},"end":{"line":48,"column":2}},"line":42},"4":{"name":"countGameInRow","decl":{"start":{"line":55,"column":23},"end":{"line":68,"column":2}},"loc":{"start":{"line":55,"column":23},"end":{"line":68,"column":2}},"line":55},"5":{"name":"countGameInStats","decl":{"start":{"line":81,"column":25},"end":{"line":127,"column":2}},"loc":{"start":{"line":81,"column":25},"end":{"line":127,"column":2}},"line":81},"6":{"name":"rememberName","decl":{"start":{"line":134,"column":21},"end":{"line":137,"column":2}},"loc":{"start":{"line":134,"column":21},"end":{"line":137,"column":2}},"line":134},"7":{"name":"widenMatchDates","decl":{"start":{"line":139,"column":24},"end":{"line":147,"column":2}},"loc":{"start":{"line":139,"column":24},"end":{"line":147,"column":2}},"line":139},"8":{"name":"applyReplayToStats","decl":{"start":{"line":159,"column":34},"end":{"line":203,"column":2}},"loc":{"start":{"line":159,"column":34},"end":{"line":203,"column":2}},"line":159},"9":{"name":"buildStats","decl":{"start":{"line":213,"column":26},"end":{"line":222,"column":2}},"loc":{"start":{"line":213,"column":26},"end":{"line":222,"column":2}},"line":213},"10":{"name":"getStats","decl":{"start":{"line":228,"column":24},"end":{"line":234,"column":2}},"loc":{"start":{"line":228,"column":24},"end":{"line":234,"column":2}},"line":228},"11":{"name":"updateStatsWithReplay","decl":{"start":{"line":242,"column":37},"end":{"line":249,"column":2}},"loc":{"start":{"line":242,"column":37},"end":{"line":249,"column":2}},"line":242},"12":{"name":"toCharacterUsages","decl":{"start":{"line":255,"column":26},"end":{"line":263,"column":6}},"loc":{"start":{"line":255,"column":26},"end":{"line":263,"column":6}},"line":255},"13":{"name":"getModeStat","decl":{"start":{"line":269,"column":27},"end":{"line":270,"column":72}},"loc":{"start":{"line":269,"column":27},"end":{"line":270,"column":72}},"line":269},"14":{"name":"getCurrentHeadToHeadStats","decl":{"start":{"line":273,"column":41},"end":{"line":311,"column":2}},"loc":{"start":{"line":273,"column":41},"end":{"line":311,"column":2}},"line":273}},"f":{"0":6137,"1":205,"2":86,"3":17250,"4":13800,"5":3450,"6":1725,"7":1725,"8":1911,"9":69,"10":8,"11":2,"12":32,"13":26,"14":30}}
}
